[debug] [2025-10-22T09:24:40.623Z] ----------------------------------------------------------------------
[debug] [2025-10-22T09:24:40.633Z] Command:       C:\Program Files\nodejs\node.exe C:\Program Files\nodejs\node_modules\firebase-tools\lib\bin\firebase.js deploy --only hosting
[debug] [2025-10-22T09:24:40.634Z] CLI Version:   14.19.1
[debug] [2025-10-22T09:24:40.640Z] Platform:      win32
[debug] [2025-10-22T09:24:40.641Z] Node Version:  v20.19.3
[debug] [2025-10-22T09:24:40.641Z] Time:          Wed Oct 22 2025 11:24:40 GMT+0200 (South Africa Standard Time)
[debug] [2025-10-22T09:24:40.642Z] ----------------------------------------------------------------------
[debug] 
[debug] [2025-10-22T09:24:41.385Z] > command requires scopes: ["email","openid","https://www.googleapis.com/auth/cloudplatformprojects.readonly","https://www.googleapis.com/auth/firebase","https://www.googleapis.com/auth/cloud-platform"]
[debug] [2025-10-22T09:24:41.387Z] > authorizing via signed-in user (alexcotb200@gmail.com)
[debug] [2025-10-22T09:24:41.388Z] [iam] checking project depsure-a9b61 for permissions ["firebase.projects.get","firebasehosting.sites.update"]
[debug] [2025-10-22T09:24:41.391Z] Checked if tokens are valid: true, expires at: 1761128662644
[debug] [2025-10-22T09:24:41.392Z] Checked if tokens are valid: true, expires at: 1761128662644
[debug] [2025-10-22T09:24:41.395Z] >>> [apiv2][query] POST https://cloudresourcemanager.googleapis.com/v1/projects/depsure-a9b61:testIamPermissions [none]
[debug] [2025-10-22T09:24:41.396Z] >>> [apiv2][(partial)header] POST https://cloudresourcemanager.googleapis.com/v1/projects/depsure-a9b61:testIamPermissions x-goog-quota-user=projects/depsure-a9b61
[debug] [2025-10-22T09:24:41.396Z] >>> [apiv2][body] POST https://cloudresourcemanager.googleapis.com/v1/projects/depsure-a9b61:testIamPermissions {"permissions":["firebase.projects.get","firebasehosting.sites.update"]}
[debug] [2025-10-22T09:24:43.439Z] <<< [apiv2][status] POST https://cloudresourcemanager.googleapis.com/v1/projects/depsure-a9b61:testIamPermissions 200
[debug] [2025-10-22T09:24:43.440Z] <<< [apiv2][body] POST https://cloudresourcemanager.googleapis.com/v1/projects/depsure-a9b61:testIamPermissions {"permissions":["firebase.projects.get","firebasehosting.sites.update"]}
[debug] [2025-10-22T09:24:43.441Z] Checked if tokens are valid: true, expires at: 1761128662644
[debug] [2025-10-22T09:24:43.442Z] Checked if tokens are valid: true, expires at: 1761128662644
[debug] [2025-10-22T09:24:43.443Z] >>> [apiv2][query] GET https://firebase.googleapis.com/v1beta1/projects/depsure-a9b61 [none]
[debug] [2025-10-22T09:24:44.026Z] <<< [apiv2][status] GET https://firebase.googleapis.com/v1beta1/projects/depsure-a9b61 200
[debug] [2025-10-22T09:24:44.026Z] <<< [apiv2][body] GET https://firebase.googleapis.com/v1beta1/projects/depsure-a9b61 {"projectId":"depsure-a9b61","projectNumber":"656713548553","displayName":"Depsure","name":"projects/depsure-a9b61","resources":{"hostingSite":"depsure-a9b61"},"state":"ACTIVE","etag":"1_ce672b44-7b99-42e3-ba2a-554d7d0f3100"}
[info] 
[info] === Deploying to 'depsure-a9b61'...
[info] 
[info] i  deploying hosting 
[debug] [2025-10-22T09:24:44.040Z] Checked if tokens are valid: true, expires at: 1761128662644
[debug] [2025-10-22T09:24:44.040Z] Checked if tokens are valid: true, expires at: 1761128662644
[debug] [2025-10-22T09:24:44.041Z] >>> [apiv2][query] POST https://firebasehosting.googleapis.com/v1beta1/projects/-/sites/depsure-a9b61/versions [none]
[debug] [2025-10-22T09:24:44.041Z] >>> [apiv2][body] POST https://firebasehosting.googleapis.com/v1beta1/projects/-/sites/depsure-a9b61/versions {"status":"CREATED","labels":{"deployment-tool":"cli-firebase"}}
[debug] [2025-10-22T09:24:46.201Z] <<< [apiv2][status] POST https://firebasehosting.googleapis.com/v1beta1/projects/-/sites/depsure-a9b61/versions 200
[debug] [2025-10-22T09:24:46.201Z] <<< [apiv2][body] POST https://firebasehosting.googleapis.com/v1beta1/projects/-/sites/depsure-a9b61/versions {"name":"projects/656713548553/sites/depsure-a9b61/versions/f36e2524d8a98f8a","status":"CREATED","config":{},"labels":{"deployment-tool":"cli-firebase"}}
[info] i  hosting[depsure-a9b61]: beginning deploy... 
[info] i  hosting[depsure-a9b61]: found 143 files in dist 
[debug] [2025-10-22T09:24:46.312Z] [hosting] uploading with 200 concurrency
[debug] [2025-10-22T09:24:47.506Z] Checked if tokens are valid: true, expires at: 1761128662644
[debug] [2025-10-22T09:24:47.507Z] Checked if tokens are valid: true, expires at: 1761128662644
[debug] [2025-10-22T09:24:47.528Z] [hosting] hash cache [ZGlzdA] stored for 143 files
[debug] [2025-10-22T09:24:47.529Z] [hosting][hash queue][FINAL] {"max":792,"min":61,"avg":187.94405594405595,"active":0,"complete":143,"success":143,"errored":0,"retried":0,"total":143,"elapsed":1201}
[debug] [2025-10-22T09:24:47.530Z] >>> [apiv2][query] POST https://firebasehosting.googleapis.com/v1beta1/projects/656713548553/sites/depsure-a9b61/versions/f36e2524d8a98f8a:populateFiles [none]
[debug] [2025-10-22T09:24:47.530Z] >>> [apiv2][body] POST https://firebasehosting.googleapis.com/v1beta1/projects/656713548553/sites/depsure-a9b61/versions/f36e2524d8a98f8a:populateFiles {"files":{"/firebase-messaging-sw.js":"2e78c94eaeecd507bdbe18765aa952c1010282db69f471193cb03f32cfc79cb1\r","/favicon.ico":"a8c0d8a928097245649f29edc0d5ccf9f05a64863ac766d71f95a0f542e189ee\r","/index.html":"a206f76705483fffe069319d2a7c7547e9cb7e9b2f3a529fd66fb38d5997b693","/assets/VTextarea-BvXTGFFT.js":"a6e19fb702b3b95697e2da6a6eb7728c7f68666f4aa11b683473f9d9e74a7663","/assets/VTextarea-BTR7f0gW.css":"fd5bda6f6691b56c8cc71b1b8b908a10727eb2ad23e4b1506906042d2aafac5a","/assets/VTextField-BXfIYcW7.css":"3c366b70b9159151d640f1c8d4f20646cc873850f8778bbe1f84553ef60306ee","/assets/VTextField-ChqMxMz9.js":"56837d1faa3ef5c0be606cb69ca2c39473388d8ed349666a51808df3ec4a3ed2","/assets/VTabs-C0v8nHkx.css":"d9be2963612b1686cc963c45af159f72dd4211e21c208594cd20d804aa942a80","/assets/VSlideGroup-ECiLCEE9.css":"cc6f3b202e7ae14f82fa48e1f68846882cebf60899071860c14a1078422addae","/assets/VTabs-CLZsBxZy.js":"a8774a806d897bcaa1bb8754d873b43c1fd2348c3c92ba96c82de8edfecf3e40","/assets/VSlideGroup-CzMvkBzD.js":"6a84160f4380554708b011b7958d0c8bb564546bb053c203d22ec8349247194c","/assets/VSkeletonLoader-B4YnRJm9.js":"58720059df8aa0f3146a50656a79e192d40d2bbe2a2b4c97a537d853cada2615","/assets/VSkeletonLoader-BlK8uFkX.css":"025ad45e3b8be28a2dbb098f64c46b311c538d94884bcda8698def05dbff8055","/assets/VSelect-D6ZgH4HI.css":"fe29413d74fb1ee2cf8bc333276cda6547d23f699ec0b780f460f940bd1b5e43","/assets/VRow-DTx34Zq0.js":"04d9bf8b0cd360316b5e970fa3bc2ef6f287ec7d2df793c2ca3324e8247defb0","/assets/VSelect-t0ynLUjR.js":"85f7187fbec7e507d73d024033adf282396ce603a7170d67df7a1a70e226cd48","/assets/VMenu-V2B156SB.js":"dfd98534d1085e07409983b15c047f7ec9d9d67b3ef95f059ef2bd4875ccc59a","/assets/VMenu-DvKwEp1j.css":"663d97bd2099907168fd48ef7849272d6077f9a67d49e0c0c4c97b49137bd6a0","/assets/VMain-DMsH4FYO.js":"e8e0e23572b89179d8510d15efd0c1d44be7d4009b2904a4dcac5bec2a19b750","/assets/view-vacancy-_id_-BZ6HEDvW.css":"dcf6b9b3fa42a0438142cb121ae5941333fbe73e6d095f3cde8cae126d1407d7","/assets/view-user-_id_-QN_2DjTM.css":"30cf8637a2c19a0aea7f489026c557103c563df7bdfb27698f2390996b74f3a5","/assets/VMain-B1JVUNw1.css":"f4c4552c8143af17dbb8fde976d8800ed216fdb4d5a403bdefbe1075b98b8d4c","/assets/view-vacancy-_id_-DbaxShnY.js":"085b2356ab1245b3553f9f236c74c658666350a2533fce7f2616cfdad4bee740","/assets/view-user-RJbo4eyY.js":"1e92c3242d9caadd666e34f207c4cf4e83178e5610f40c821f75671ee176e776","/assets/view-user-_id_-pThuoRbE.js":"d50bbf3c719f414a5b89b5c0bbed60a79da7bf3f0cb1935c40b7053d284a8a01","/assets/view-user-BQPQvKth.css":"e4c7c9cbcdb23b7487561ec4e4596e86b313a2c5aabe95ae9b6a9c306b1cb544","/assets/view-property-_id_-3IAqdXuD.css":"b058bd9605d76d096a2bf5c78a6d3438200a6dd73faf38e6b87b597f0b0066e4","/assets/view-property-_id_-DDI4Tjik.js":"37f334ecb70089d8c3e7f4b3c75d05af6cb21cb2878a6feb68854dedea400c54","/assets/view-notice-_id_-Blu82EBH.js":"fb8627ca8132f5a2197f5432029bfc035b4d08313fe475f8f9a99323d0477a8b","/assets/view-notice-bPmXRFMx.css":"e87bb78db70b460612b9f152cb198d79d3d7e645a90fb670f3e9bc0168a6010d","/assets/view-notice-_id_-BErenNY3.css":"88fccd15c6155aed313849b612eeb691c15919089c4d8c5aaf044927ef94df6f","/assets/view-notice-BNvVBjAE.js":"23d684fa3d7de7ac0b9558c8df65465d8263bf4bb36265c486e9bbb921de88e0","/assets/view-property-BaQIePDs.css":"2cd24092015076d6339a7de9437b32729710ce318017c02489984e6fff3ff533","/assets/view-maintenance-_id_-DPj-64Iq.js":"995b334dd79ffbaeb6207035d46cd8af0811ce7ab43859f4d129c8e42a44e452","/assets/view-maintenance-_id_-B16VKRBr.css":"b183d2d4955902610fc85dc06cf0b30cd9faf1bf6b15af9c61ef90bb2efd2732","/assets/view-maintenance-QjWsBsfN.css":"2d8c599748b5a0a8a8af1bdd83f03f341a85fc518f5cd6bbef5444609822af33","/assets/view-maintenance-D9ABI14Y.js":"440c6740c28999a24de4cbd2151c7486516f72cbc4511840fd5247302bf68cfb","/assets/view-property-BHUkMr8m.js":"2b46a6973f70d1dde7b3716bc6347a788578fc6c0683f7e45b60c8a84fbdbe28","/assets/view-inspection-_id_-wYOGE58T.css":"782e4b14fea652fbb4422f314b0d2de79f2d2a610d08dbfb955b4c716817532a","/assets/view-flagged-units-Ve2sDPMj.css":"484949a8acd2e78bf56be7b8c1b7a6115a684320a1fa9b15b7d5d7d25a573845","/assets/view-flagged-units-Bofkz_6p.js":"fb30402d4b4246cc03311ae2038b4b9c4bd09d68c00875d4af8922b744c7e9db","/assets/view-flagged-unit-_id_-odR5Ug2Z.css":"81e790153f104f4f7da78f61a607c59060302cd287530d3a6467a5e5f4acf780","/assets/view-inspection-_id_-BGr6SoPc.js":"708bd47c7e9d065c30b2bc249b401ab484f9a09bc5c40ebe2511639f5c8e47a1","/assets/view-flagged-unit-_id_-D0lM5e0g.js":"c59580a0e2ade2b0ee6bb112a3b0ad24e0d9d3e457d473e359c531423844c74d","/assets/view-archived-unit-_id_-DJchtjov.css":"da7ae60f56b7dcca7222d65d2cbd5ca20bad0453806eec612f0b62897cf76a47","/assets/view-agency-_id_-CXbsueDY.css":"d0e2325b1d58421e5dc8276c5155ddb384e4b2b02e23702fe29e9662b4af2abd","/assets/view-archived-unit-_id_-DYJmeILz.js":"e36fbede06a6095a6a6b298ed34fa04507e5c207c2842b0bc14938c83659c8ed","/assets/view-agency-_id_-b6-wyHCL.js":"cde905cfcc73f1fd73ed5d99411a4c8db0862376143564bac03077bbc31238f7","/assets/view-agency-CXiZ-CH3.css":"19e63f4b0ac9d0545669e88fc6282cea75207804fa8c223f2fc3fc1015a97207","/assets/view-agency-aGE5u6sq.js":"61da102c851edf5d8afb4a34166f46e2a097780cff9ad5296de5ead677aaa07e","/assets/VForm-DORsvmCz.js":"fb2b1443d39486eaedafb3c81c23ace51bce0e90db9196d97c8f66c431d426c0","/assets/VFileInput-Dwzvf-gD.css":"82b74119691da630ef3500f6130fa31b458cf72b44a537e111275e0c0e6af626","/assets/VFileInput-CKrR-mS8.js":"eb6b2722fce482a8fba06ba08eb5ca4437d89b32f3ffa5bf8831416be9c4c527","/assets/VDialog-DwTSAOeg.css":"2e9c596ca849347c2ff57c6846d4f0ded44734b15856db3ab242094a3894180f","/assets/VDialog-CiUjUknc.js":"1f684dec8ff3ba1448b7e0772f8873bb6c9e2989c45487245877f39b1464d996","/assets/VDataTable-C9FZ0BYD.css":"b1f9ab875f20c43012eb69e1fac804a105d1c5e408ef2373d23763541fb12a7f","/assets/VChip-pNWDk26e.js":"1d05b5f8c4b6e7fb01d8b99e89f852d50a686ef94003be26e6f809cd98c78c19","/assets/VCardText-JSVdKMwW.js":"2af3fc5e9ab724cf379f530ab3e291646686d9c2287d0153330125676f6f0ce7","/assets/VChip-CoBURuAA.css":"e0748572bd55cf460ff54ffe78239003d47f32a917bce1f9543ef00404f68b13","/assets/VCard-Ckq9XVQu.css":"705ac5d4107f8630797531e83d07d3c890098073ccc3530ce293db6fe8815cab","/assets/VCard-BLOIe9r2.js":"7d65a6de6c55bebab63e2b4cf5b5bcd25be2489ea2a4724f250b418629119ade","/assets/VAutocomplete-CPd3yAvV.css":"83ee8302e38df026e4c22ce4d63a8bf7cef72314cbdedcc47263416f2a591399","/assets/VAutocomplete-CY10tIDz.js":"7a204f7e1ad186dfb6a4e5e7c75bd4f07bd2a39ea3ab5730c9e14e2ca70eef26","/assets/vacancies-BUnV8ArC.css":"012e5053f0959d89aaca71914bc2063441df969ab543a8aa0945289a47c008d2","/assets/user-management-BeydKJwd.css":"f20e8677d36fc5f3ce9b8cfacb5b4e3925a07d0937875435130a83b4023c0711","/assets/VDataTable-inkJMJf4.js":"f91a884f4631e070ffb9d9cb5a3004cda096b28cd4a3b68b0ae55727aa9d8009","/assets/user-management-BJqUvek2.js":"c16be675b5a8427e67fbcb6483c12915d96511e3ca8723bd64d29ddd23ba57b9","/assets/usePropertyType-C_EIZe3c.js":"ac500f12f2ac7597783da9155da99670a3dc2a2a32d8160ca9244dc99f35a035","/assets/vacancies-CAgFyG8E.js":"1d9d48805cad8d6e2f999954612d9f4384801e73a3f0300671dd62cbe321c1fc","/assets/property-documents-_id_-CEhhgnTC.css":"46cee67a4183241eae8ab9ccfd147c492db305e475a50125d88b6f06b81d2759","/assets/property-documents-_id_-CoTnF88N.js":"c4bbca034acc45b2639c83e1e7b9005a9d8d5ecd434713c327a3724fc144f361","/assets/profile-C2BDZLeH.css":"3b8327d18a6303d12cc752acdef2257869b8be0b6ba40e5804a3e8ff4534ba76","/assets/notices-4EBKEQNJ.css":"5172115b38028bc5c57495e1cd3eb8b12193dbd48e4cdc1adb7f8431896367b5","/assets/profile-BUdnpd3S.js":"9533aac1e9fc312cf6132409ecc4f8819220a8b4400a04a3a2251bb374da5dad","/assets/onboard-units-DpFZVEIl.js":"c600a0cc556f2d0a6e8488736373ed6b3f669401a9e442a047337b60987225b1","/assets/maintenance-DqD5Te1P.css":"ac8dbd079902b45c5f98d19cba4ac5e5923d520d6c557a03d674af4cb6ebd6df","/assets/notices-CGSo6Xf3.js":"bddbf5328f4955cd84a8d1e981fddac8fc9c52df8895c01b7b12204cae42c2c0","/assets/maintenance-Cuwlo83O.js":"12a79be8c88690e11c989185cd2f62414eb5b2d18c7335427c99319478dc9bbf","/assets/onboard-units-SThQGVvt.css":"680f8988f730fbc5ef96bd67b4fa4649614cbdfe0fa8bf89c9d98b54968c6003","/assets/inspections-CxH7x3WS.css":"0bbbb7f5135a111f8f6f2a469fb0e989d383842abe8c66b5440e822e706dec2d","/assets/inspections-BjuA6b8E.js":"2ffed6bbc686487b6d4d61760713fe68bf05b1ab218bd0666d5840a4f8270d58","/assets/index-DYVTNBjb.css":"0a74935acdda28e48f434a9f509202aec33ade2d8f293f459118627fadb03dd8","/assets/index-BOvkhc2r.js":"6e47f564839e35cfd00def062ec91e89c014ffb2565c9c4ff6a83034200058e1","/assets/flagged-units-BGEBXY1K.css":"6564b9d1a7582edff7a3157ec16dcdb1cddcef84da841cae1f303999579c0637","/assets/filter-A-gvf-oK.js":"0a1effb2eb465395e1b984c3a4a6133c207edbf8588280effe3a8cea0a7f6b17","/assets/flagged-units-dAg_Ji7R.js":"0ebc1d394414000009ce90447eee6f691282afc0442163976e8f88667c9c9fcb","/assets/edit-vacancy-_id_-ujin-OeI.js":"141b20627e89f4ebd724166479525cd6e909f1ed5bdf66037780514c2948f482","/assets/edit-vacancy-_id_-wJqreL8L.css":"3bed71c8b3b4ed939ea1adcc0d101ef08b3417c3271565226b86a49f22d9ab8b","/assets/edit-user-_id_-C9HiaeOM.css":"f346c4c9deb471bcd637d82f82cf21d805843341e3ac0f0e72aea038232ef50b","/assets/edit-user-_id_-BrHZPl1T.js":"6376611ca7611fc5f37ea9c3c1ce8be53a9c27d31eb61535f9cb6741f2e5e5c2","/assets/edit-property-_id_-CVkqqI6m.css":"dbf68f54f673586fd4e42983655b74aed4219a9cb960531fd8420ac86e5604d4","/assets/edit-notice-_id_-vQiwhpG8.css":"0e26d07f844cbbed82d96194d5d3531a833ff460e5e5b7450b2072e853998c54","/assets/edit-notice-_id_-DoC2vqBu.js":"7a1e5f64c0571c46a2495d96fe0326158598b02707581cf9a03a0fa651d238ad","/assets/edit-maintenance-_id_-Dpv7cTD2.css":"2f9d105fdd212d8d9f22b51650ca5afb82fe634afc1eb797a7a150951adf3250","/assets/edit-property-_id_-Byk3TozP.js":"9c273167dad62311d6530a80fc34e1b8b0f81c55aef5a15f394bc924ab3e8685","/assets/agencies-tn0RQdqM.css":"46b50c321b39e89a491b6727a01628c34245605a30beb3e7414c5e01cff90e6e","/assets/edit-inspection-_id_-DPM_xYsX.js":"08c55ec9f0a5762e7d20bdeb8162925db34affd63a5563d53ccda21f2be19674","/assets/edit-maintenance-_id_-BEe3S-en.js":"255681051e51d160f2d76f020d53f9eec5bc45eae3f108e60382afe584276247","/assets/edit-inspection-_id_-BiATSoyn.css":"4d6cd4f28aa0f7feedd7432b3d17a2c39f98b46689da1ad6b621977a4f8f9e05","/assets/edit-flagged-unit-_id_-BbVV8i-L.css":"479e26425a326bedbd2bf8b797c97b43bee7070b17af91e30eb08514fede3e4d","/assets/documents-CyngNt5B.js":"52a0b8bdb290e7cbc30aed44ab1e342b4285434a35b6370215dd423412052f4e","/assets/documents-CFTAPSlR.css":"8762f743dbefd134a4d8df8f44e69fd4569279a4bc3384c0c523f3185b67ce11","/assets/edit-flagged-unit-_id_-z22Bgk_o.js":"2c3a8e354d5c1e64b2af1e0a0d0747a25ab0e16de1359d2048d489733ab18c1b","/assets/dialog-transition-D9hQgVKp.js":"a0ed6ed09823e98bec97271b11b4bfe2365c4647cac702343c0dd8500a28adcc","/assets/default-DJfZD7XR.js":"2675d5ebcf4f0c4ad4cee7f8fbac9ad815fbb0b19f50735c07aecde11fe7c836","/assets/dashbaaord-DmNtHMRN.js":"fa45e7d3b01ea28c90bbf3487341552e67ebf3eda4cb4aa1ff64784258a4b360","/assets/dashbaaord-BW31whhm.css":"fce2c3b964111ca0bb9a0eb62659f9756ee92ce036a8754cc18c565d73920e54","/assets/audit-trail-qpj4esVu.js":"889983db873e89e77013fb3104cde77c890526665843336f93ec93da6fb41bb1","/assets/chat-CkN4Lc7C.css":"00e489efb56b5927d58d726e0f93c2f66acd2eac69ae0fea71e15638a28a72fc","/assets/audit-trail-BCbvXsT1.css":"6a149efc5c753842ba0ae245fa05bbb05e1e7481bf6f22e625ba71abd28f78ce","/assets/archived-units-CXI4tT1J.css":"5c4585bceea4573418df66b0a51ec175397e3450b2043727e7dbaa3e3672965b","/assets/agency-DHFNbAFu.css":"7284d04f179ed843cf77518746a6e96af7930322b43da4e3f9c6b278eaf81831","/assets/chat-Brf773_1.js":"ee011fca862a528818465f87d0073982f76c05b89be3c402f0a21849ff1406cf","/assets/agency-CC__3d4b.js":"d77cdd518fa356f4064b13c8810d5dabc7b1af48d1803e25582b93300d8d67ad","/assets/archived-units-Qk21WD72.js":"d3bd03cf9fecb15277d676c9d54595808993499e4bb9b24648b48cb722bc2e88","/assets/agencies-eifxR4CF.js":"eecffa1855627135e171b0efee17dc5b6daad6d277da159bedc3df45007e494f","/assets/add-vacancy-BrQxGonY.css":"61a26abb3e2e705fc741d558d3b65698d1336eaf7586a611ed101f9850ef2620","/assets/add-user-Dfos1laq.css":"d47a3c23d051832a36db037be76be733eb7f101d0fce9c9db048af55ee3814ae","/assets/add-user-nM9smkJi.js":"b6afe33c8bdd0acaa9d709fdd079bdefd92699145c48ebf430fd2e17530f06ce","/assets/add-vacancy-4Zudxqq2.js":"10219535e45114ac52c57ba462cad8dc5dfd8664aaf2bebbd4b1394f6c578889","/assets/add-unit--AEBq8OF.css":"038b099a832806a920484ebf548aa4038900303cc8374973bef3492de6e66d29","/assets/add-unit-DhAxwCu4.js":"09ce1c1d04ce6c0ab7dc5aac77fa42b189da1302fb6a443beef5dcc2bf83bc4b","/assets/add-notice-L2cI-o5-.js":"8f0562688d601808f287765524264f51f226851b581ff51bc02a750511b60f3e","/assets/add-notice-BHMW1Ttf.css":"eead6bd23fdfa1407241238cc647c937a97f2d0d5265640f83f28e25c629029c","/assets/add-inspection-De1Meu0d.css":"3ea2479a23b6ffb9975170925533be903ad6e1d0c77f1791a8a0214762c034c7","/assets/add-maintenance-BBpxcXBT.js":"b4e55eabea1deb6a0dd639dea54a9adaf2a0947c938e50107dd67a94197272c7","/assets/add-maintenance-B5VXzh2e.css":"a81b75eb4acac486b911fdf2664cd2ef6c3b2ca13dcc93ef96c59b342384f9b2","/assets/add-inspection-DQH2cYFX.js":"059c40435c45175f370e71db150a3f383348aa2cb01133d14504dd08ed4091eb","/assets/add-flagged-unit-nKOY5p3x.css":"a8dc14499622920e61d08669b5c8f263d8cc78d65a5345b3e78a288a7a63d359","/assets/add-flagged-unit-BcaS3Mu7.js":"99e05f4f3e25d39cea7ad2638f385d257ae81364db7eb38c0079cc7b1d7b7a90","/assets/add-agency-DUO5p-Ll.css":"541e5e131332ebae914fe92a2790a59f570d50dee9e52710d2c5c5e351892531","/assets/add-agency-DAMWQYI-.js":"c22e65034cc8c75695e166df6633051deccc75508c908a5736e2bc7d766b6e4e","/assets/active-units-DfJVVYtL.css":"33bd47b4a1ada62dd9f9c6e4568a85cfc993dd022ba096e25231e0a69794ae40","/assets/active-units-DrVeRDo_.js":"d72b352a018291e8bbbe3fd832440be2b1a8a036c78a45f266d6992210b7a64c","/assets/index-nsW6mMoM.css":"e0b091a54d4450e554a3c1b235c40107165e9f29db1bf0b5632dbe95a4278b59","/assets/materialdesignicons-webfont-Dp5v-WZN.woff2":"d3803b781c686831fec9c680e23925c268d54de5d484239ea89dab258cbde77e","/assets/index-CAMNHYQU.js":"102911dcdabccb61c967a0335571dee8db4fdb95a6b7a7a58d3a89ed33944a02","/assets/exceljs.min-ZEJnN4BC.js":"701dde04a03a016ecf2931eea0879ad922a28486b7c2b5ad7e82fa18b661f91d","/assets/materialdesignicons-webfont-PXm3-2wK.woff":"3af54612b624ee7bf086bef60626d0e18cc26735b0c2f5b8aaa39a4e1219a20b","/assets/materialdesignicons-webfont-CSr8KVlo.eot":"c276bdf359a1523b065a75d58c5fb9e73b340f3ca1b2ff631a590599b005c042","/assets/materialdesignicons-webfont-B7mPwVP_.ttf":"c3b223b088d2712e67f773b4f9589093ce20c1341ed97f3b9126c7862a3b3dc7","/assets/ds-CZ1_jhH0.png":"1afcf3c9c9361e5951206ffad98ef623d3a5ccabce6b57ad954521e7556baa05","/assets/chat-DMzmy-JN.png":"4ba2be2ba07bf03bb155f5a5b05112f09ae3861a36c2685943a394a71ff8dd79"}}
[debug] [2025-10-22T09:24:48.160Z] <<< [apiv2][status] POST https://firebasehosting.googleapis.com/v1beta1/projects/656713548553/sites/depsure-a9b61/versions/f36e2524d8a98f8a:populateFiles 200
[debug] [2025-10-22T09:24:48.161Z] <<< [apiv2][body] POST https://firebasehosting.googleapis.com/v1beta1/projects/656713548553/sites/depsure-a9b61/versions/f36e2524d8a98f8a:populateFiles {"uploadRequiredHashes":["1d05b5f8c4b6e7fb01d8b99e89f852d50a686ef94003be26e6f809cd98c78c19","b4e55eabea1deb6a0dd639dea54a9adaf2a0947c938e50107dd67a94197272c7","680f8988f730fbc5ef96bd67b4fa4649614cbdfe0fa8bf89c9d98b54968c6003","0ebc1d394414000009ce90447eee6f691282afc0442163976e8f88667c9c9fcb","c16be675b5a8427e67fbcb6483c12915d96511e3ca8723bd64d29ddd23ba57b9","e36fbede06a6095a6a6b298ed34fa04507e5c207c2842b0bc14938c83659c8ed","c22e65034cc8c75695e166df6633051deccc75508c908a5736e2bc7d766b6e4e","e0b091a54d4450e554a3c1b235c40107165e9f29db1bf0b5632dbe95a4278b59","bddbf5328f4955cd84a8d1e981fddac8fc9c52df8895c01b7b12204cae42c2c0","889983db873e89e77013fb3104cde77c890526665843336f93ec93da6fb41bb1","f91a884f4631e070ffb9d9cb5a3004cda096b28cd4a3b68b0ae55727aa9d8009","fb30402d4b4246cc03311ae2038b4b9c4bd09d68c00875d4af8922b744c7e9db","46cee67a4183241eae8ab9ccfd147c492db305e475a50125d88b6f06b81d2759","1d9d48805cad8d6e2f999954612d9f4384801e73a3f0300671dd62cbe321c1fc","d72b352a018291e8bbbe3fd832440be2b1a8a036c78a45f266d6992210b7a64c","23d684fa3d7de7ac0b9558c8df65465d8263bf4bb36265c486e9bbb921de88e0","6376611ca7611fc5f37ea9c3c1ce8be53a9c27d31eb61535f9cb6741f2e5e5c2","12a79be8c88690e11c989185cd2f62414eb5b2d18c7335427c99319478dc9bbf","37f334ecb70089d8c3e7f4b3c75d05af6cb21cb2878a6feb68854dedea400c54","2b46a6973f70d1dde7b3716bc6347a788578fc6c0683f7e45b60c8a84fbdbe28","04d9bf8b0cd360316b5e970fa3bc2ef6f287ec7d2df793c2ca3324e8247defb0","85f7187fbec7e507d73d024033adf282396ce603a7170d67df7a1a70e226cd48","2af3fc5e9ab724cf379f530ab3e291646686d9c2287d0153330125676f6f0ce7","708bd47c7e9d065c30b2bc249b401ab484f9a09bc5c40ebe2511639f5c8e47a1","10219535e45114ac52c57ba462cad8dc5dfd8664aaf2bebbd4b1394f6c578889","58720059df8aa0f3146a50656a79e192d40d2bbe2a2b4c97a537d853cada2615","eead6bd23fdfa1407241238cc647c937a97f2d0d5265640f83f28e25c629029c","141b20627e89f4ebd724166479525cd6e909f1ed5bdf66037780514c2948f482","c59580a0e2ade2b0ee6bb112a3b0ad24e0d9d3e457d473e359c531423844c74d","e8e0e23572b89179d8510d15efd0c1d44be7d4009b2904a4dcac5bec2a19b750","a6e19fb702b3b95697e2da6a6eb7728c7f68666f4aa11b683473f9d9e74a7663","782e4b14fea652fbb4422f314b0d2de79f2d2a610d08dbfb955b4c716817532a","7a1e5f64c0571c46a2495d96fe0326158598b02707581cf9a03a0fa651d238ad","6e47f564839e35cfd00def062ec91e89c014ffb2565c9c4ff6a83034200058e1","ac500f12f2ac7597783da9155da99670a3dc2a2a32d8160ca9244dc99f35a035","7a204f7e1ad186dfb6a4e5e7c75bd4f07bd2a39ea3ab5730c9e14e2ca70eef26","7d65a6de6c55bebab63e2b4cf5b5bcd25be2489ea2a4724f250b418629119ade","61da102c851edf5d8afb4a34166f46e2a097780cff9ad5296de5ead677aaa07e","2c3a8e354d5c1e64b2af1e0a0d0747a25ab0e16de1359d2048d489733ab18c1b","52a0b8bdb290e7cbc30aed44ab1e342b4285434a35b6370215dd423412052f4e","6a84160f4380554708b011b7958d0c8bb564546bb053c203d22ec8349247194c","fb2b1443d39486eaedafb3c81c23ace51bce0e90db9196d97c8f66c431d426c0","33bd47b4a1ada62dd9f9c6e4568a85cfc993dd022ba096e25231e0a69794ae40","d3bd03cf9fecb15277d676c9d54595808993499e4bb9b24648b48cb722bc2e88","8f0562688d601808f287765524264f51f226851b581ff51bc02a750511b60f3e","fb8627ca8132f5a2197f5432029bfc035b4d08313fe475f8f9a99323d0477a8b","cde905cfcc73f1fd73ed5d99411a4c8db0862376143564bac03077bbc31238f7","995b334dd79ffbaeb6207035d46cd8af0811ce7ab43859f4d129c8e42a44e452","56837d1faa3ef5c0be606cb69ca2c39473388d8ed349666a51808df3ec4a3ed2","a0ed6ed09823e98bec97271b11b4bfe2365c4647cac702343c0dd8500a28adcc","440c6740c28999a24de4cbd2151c7486516f72cbc4511840fd5247302bf68cfb","1f684dec8ff3ba1448b7e0772f8873bb6c9e2989c45487245877f39b1464d996","102911dcdabccb61c967a0335571dee8db4fdb95a6b7a7a58d3a89ed33944a02","2675d5ebcf4f0c4ad4cee7f8fbac9ad815fbb0b19f50735c07aecde11fe7c836","fa45e7d3b01ea28c90bbf3487341552e67ebf3eda4cb4aa1ff64784258a4b360","b6afe33c8bdd0acaa9d709fdd079bdefd92699145c48ebf430fd2e17530f06ce","09ce1c1d04ce6c0ab7dc5aac77fa42b189da1302fb6a443beef5dcc2bf83bc4b","08c55ec9f0a5762e7d20bdeb8162925db34affd63a5563d53ccda21f2be19674","255681051e51d160f2d76f020d53f9eec5bc45eae3f108e60382afe584276247","9533aac1e9fc312cf6132409ecc4f8819220a8b4400a04a3a2251bb374da5dad","a206f76705483fffe069319d2a7c7547e9cb7e9b2f3a529fd66fb38d5997b693","c4bbca034acc45b2639c83e1e7b9005a9d8d5ecd434713c327a3724fc144f361","d0e2325b1d58421e5dc8276c5155ddb384e4b2b02e23702fe29e9662b4af2abd","c600a0cc556f2d0a6e8488736373ed6b3f669401a9e442a047337b60987225b1","d77cdd518fa356f4064b13c8810d5dabc7b1af48d1803e25582b93300d8d67ad","d50bbf3c719f414a5b89b5c0bbed60a79da7bf3f0cb1935c40b7053d284a8a01","a8774a806d897bcaa1bb8754d873b43c1fd2348c3c92ba96c82de8edfecf3e40","19e63f4b0ac9d0545669e88fc6282cea75207804fa8c223f2fc3fc1015a97207","99e05f4f3e25d39cea7ad2638f385d257ae81364db7eb38c0079cc7b1d7b7a90","eb6b2722fce482a8fba06ba08eb5ca4437d89b32f3ffa5bf8831416be9c4c527","3ea2479a23b6ffb9975170925533be903ad6e1d0c77f1791a8a0214762c034c7","059c40435c45175f370e71db150a3f383348aa2cb01133d14504dd08ed4091eb","1e92c3242d9caadd666e34f207c4cf4e83178e5610f40c821f75671ee176e776","9c273167dad62311d6530a80fc34e1b8b0f81c55aef5a15f394bc924ab3e8685","2ffed6bbc686487b6d4d61760713fe68bf05b1ab218bd0666d5840a4f8270d58","ee011fca862a528818465f87d0073982f76c05b89be3c402f0a21849ff1406cf","dfd98534d1085e07409983b15c047f7ec9d9d67b3ef95f059ef2bd4875ccc59a","085b2356ab1245b3553f9f236c74c658666350a2533fce7f2616cfdad4bee740","eecffa1855627135e171b0efee17dc5b6daad6d277da159bedc3df45007e494f","0a1effb2eb465395e1b984c3a4a6133c207edbf8588280effe3a8cea0a7f6b17"],"uploadUrl":"https://upload-firebasehosting.googleapis.com/upload/sites/depsure-a9b61/versions/f36e2524d8a98f8a/files"}
[debug] [2025-10-22T09:24:48.164Z] Checked if tokens are valid: true, expires at: 1761128662644
[debug] [2025-10-22T09:24:48.165Z] Checked if tokens are valid: true, expires at: 1761128662644
[debug] [2025-10-22T09:24:48.166Z] Checked if tokens are valid: true, expires at: 1761128662644
[debug] [2025-10-22T09:24:48.166Z] Checked if tokens are valid: true, expires at: 1761128662644
[debug] [2025-10-22T09:24:48.167Z] Checked if tokens are valid: true, expires at: 1761128662644
[debug] [2025-10-22T09:24:48.167Z] Checked if tokens are valid: true, expires at: 1761128662644
[debug] [2025-10-22T09:24:48.168Z] Checked if tokens are valid: true, expires at: 1761128662644
[debug] [2025-10-22T09:24:48.168Z] Checked if tokens are valid: true, expires at: 1761128662644
[debug] [2025-10-22T09:24:48.169Z] Checked if tokens are valid: true, expires at: 1761128662644
[debug] [2025-10-22T09:24:48.169Z] Checked if tokens are valid: true, expires at: 1761128662644
[debug] [2025-10-22T09:24:48.170Z] Checked if tokens are valid: true, expires at: 1761128662644
[debug] [2025-10-22T09:24:48.170Z] Checked if tokens are valid: true, expires at: 1761128662644
[debug] [2025-10-22T09:24:48.171Z] Checked if tokens are valid: true, expires at: 1761128662644
[debug] [2025-10-22T09:24:48.172Z] Checked if tokens are valid: true, expires at: 1761128662644
[debug] [2025-10-22T09:24:48.172Z] Checked if tokens are valid: true, expires at: 1761128662644
[debug] [2025-10-22T09:24:48.173Z] Checked if tokens are valid: true, expires at: 1761128662644
[debug] [2025-10-22T09:24:48.173Z] Checked if tokens are valid: true, expires at: 1761128662644
[debug] [2025-10-22T09:24:48.174Z] Checked if tokens are valid: true, expires at: 1761128662644
[debug] [2025-10-22T09:24:48.175Z] Checked if tokens are valid: true, expires at: 1761128662644
[debug] [2025-10-22T09:24:48.175Z] Checked if tokens are valid: true, expires at: 1761128662644
[debug] [2025-10-22T09:24:48.176Z] Checked if tokens are valid: true, expires at: 1761128662644
[debug] [2025-10-22T09:24:48.177Z] Checked if tokens are valid: true, expires at: 1761128662644
[debug] [2025-10-22T09:24:48.179Z] Checked if tokens are valid: true, expires at: 1761128662644
[debug] [2025-10-22T09:24:48.179Z] Checked if tokens are valid: true, expires at: 1761128662644
[debug] [2025-10-22T09:24:48.181Z] Checked if tokens are valid: true, expires at: 1761128662644
[debug] [2025-10-22T09:24:48.181Z] Checked if tokens are valid: true, expires at: 1761128662644
[debug] [2025-10-22T09:24:48.183Z] Checked if tokens are valid: true, expires at: 1761128662644
[debug] [2025-10-22T09:24:48.184Z] Checked if tokens are valid: true, expires at: 1761128662644
[debug] [2025-10-22T09:24:48.185Z] Checked if tokens are valid: true, expires at: 1761128662644
[debug] [2025-10-22T09:24:48.185Z] Checked if tokens are valid: true, expires at: 1761128662644
[debug] [2025-10-22T09:24:48.187Z] Checked if tokens are valid: true, expires at: 1761128662644
[debug] [2025-10-22T09:24:48.188Z] Checked if tokens are valid: true, expires at: 1761128662644
[debug] [2025-10-22T09:24:48.198Z] Checked if tokens are valid: true, expires at: 1761128662644
[debug] [2025-10-22T09:24:48.200Z] Checked if tokens are valid: true, expires at: 1761128662644
[debug] [2025-10-22T09:24:48.217Z] Checked if tokens are valid: true, expires at: 1761128662644
[debug] [2025-10-22T09:24:48.219Z] Checked if tokens are valid: true, expires at: 1761128662644
[debug] [2025-10-22T09:24:48.222Z] Checked if tokens are valid: true, expires at: 1761128662644
[debug] [2025-10-22T09:24:48.222Z] Checked if tokens are valid: true, expires at: 1761128662644
[debug] [2025-10-22T09:24:48.223Z] Checked if tokens are valid: true, expires at: 1761128662644
[debug] [2025-10-22T09:24:48.224Z] Checked if tokens are valid: true, expires at: 1761128662644
[debug] [2025-10-22T09:24:48.224Z] Checked if tokens are valid: true, expires at: 1761128662644
[debug] [2025-10-22T09:24:48.224Z] Checked if tokens are valid: true, expires at: 1761128662644
[debug] [2025-10-22T09:24:48.227Z] Checked if tokens are valid: true, expires at: 1761128662644
[debug] [2025-10-22T09:24:48.227Z] Checked if tokens are valid: true, expires at: 1761128662644
[debug] [2025-10-22T09:24:48.228Z] Checked if tokens are valid: true, expires at: 1761128662644
[debug] [2025-10-22T09:24:48.229Z] Checked if tokens are valid: true, expires at: 1761128662644
[debug] [2025-10-22T09:24:48.229Z] Checked if tokens are valid: true, expires at: 1761128662644
[debug] [2025-10-22T09:24:48.230Z] Checked if tokens are valid: true, expires at: 1761128662644
[debug] [2025-10-22T09:24:48.231Z] Checked if tokens are valid: true, expires at: 1761128662644
[debug] [2025-10-22T09:24:48.231Z] Checked if tokens are valid: true, expires at: 1761128662644
[debug] [2025-10-22T09:24:48.233Z] Checked if tokens are valid: true, expires at: 1761128662644
[debug] [2025-10-22T09:24:48.234Z] Checked if tokens are valid: true, expires at: 1761128662644
[debug] [2025-10-22T09:24:48.235Z] Checked if tokens are valid: true, expires at: 1761128662644
[debug] [2025-10-22T09:24:48.236Z] Checked if tokens are valid: true, expires at: 1761128662644
[debug] [2025-10-22T09:24:48.237Z] Checked if tokens are valid: true, expires at: 1761128662644
[debug] [2025-10-22T09:24:48.238Z] Checked if tokens are valid: true, expires at: 1761128662644
[debug] [2025-10-22T09:24:48.242Z] Checked if tokens are valid: true, expires at: 1761128662644
[debug] [2025-10-22T09:24:48.242Z] Checked if tokens are valid: true, expires at: 1761128662644
[debug] [2025-10-22T09:24:48.243Z] Checked if tokens are valid: true, expires at: 1761128662644
[debug] [2025-10-22T09:24:48.243Z] Checked if tokens are valid: true, expires at: 1761128662644
[debug] [2025-10-22T09:24:48.243Z] Checked if tokens are valid: true, expires at: 1761128662644
[debug] [2025-10-22T09:24:48.244Z] Checked if tokens are valid: true, expires at: 1761128662644
[debug] [2025-10-22T09:24:48.245Z] Checked if tokens are valid: true, expires at: 1761128662644
[debug] [2025-10-22T09:24:48.245Z] Checked if tokens are valid: true, expires at: 1761128662644
[debug] [2025-10-22T09:24:48.246Z] Checked if tokens are valid: true, expires at: 1761128662644
[debug] [2025-10-22T09:24:48.246Z] Checked if tokens are valid: true, expires at: 1761128662644
[debug] [2025-10-22T09:24:48.246Z] Checked if tokens are valid: true, expires at: 1761128662644
[debug] [2025-10-22T09:24:48.247Z] Checked if tokens are valid: true, expires at: 1761128662644
[debug] [2025-10-22T09:24:48.247Z] Checked if tokens are valid: true, expires at: 1761128662644
[debug] [2025-10-22T09:24:48.248Z] Checked if tokens are valid: true, expires at: 1761128662644
[debug] [2025-10-22T09:24:48.251Z] Checked if tokens are valid: true, expires at: 1761128662644
[debug] [2025-10-22T09:24:48.252Z] Checked if tokens are valid: true, expires at: 1761128662644
[debug] [2025-10-22T09:24:48.252Z] Checked if tokens are valid: true, expires at: 1761128662644
[debug] [2025-10-22T09:24:48.253Z] Checked if tokens are valid: true, expires at: 1761128662644
[debug] [2025-10-22T09:24:48.255Z] Checked if tokens are valid: true, expires at: 1761128662644
[debug] [2025-10-22T09:24:48.256Z] Checked if tokens are valid: true, expires at: 1761128662644
[debug] [2025-10-22T09:24:48.258Z] Checked if tokens are valid: true, expires at: 1761128662644
[debug] [2025-10-22T09:24:48.258Z] Checked if tokens are valid: true, expires at: 1761128662644
[debug] [2025-10-22T09:24:48.260Z] Checked if tokens are valid: true, expires at: 1761128662644
[debug] [2025-10-22T09:24:48.261Z] Checked if tokens are valid: true, expires at: 1761128662644
[debug] [2025-10-22T09:24:48.268Z] Checked if tokens are valid: true, expires at: 1761128662644
[debug] [2025-10-22T09:24:48.268Z] Checked if tokens are valid: true, expires at: 1761128662644
[debug] [2025-10-22T09:24:48.270Z] Checked if tokens are valid: true, expires at: 1761128662644
[debug] [2025-10-22T09:24:48.273Z] Checked if tokens are valid: true, expires at: 1761128662644
[debug] [2025-10-22T09:24:48.275Z] Checked if tokens are valid: true, expires at: 1761128662644
[debug] [2025-10-22T09:24:48.276Z] Checked if tokens are valid: true, expires at: 1761128662644
[debug] [2025-10-22T09:24:48.278Z] Checked if tokens are valid: true, expires at: 1761128662644
[debug] [2025-10-22T09:24:48.278Z] Checked if tokens are valid: true, expires at: 1761128662644
[debug] [2025-10-22T09:24:48.279Z] Checked if tokens are valid: true, expires at: 1761128662644
[debug] [2025-10-22T09:24:48.279Z] Checked if tokens are valid: true, expires at: 1761128662644
[debug] [2025-10-22T09:24:48.279Z] Checked if tokens are valid: true, expires at: 1761128662644
[debug] [2025-10-22T09:24:48.280Z] Checked if tokens are valid: true, expires at: 1761128662644
[debug] [2025-10-22T09:24:48.280Z] Checked if tokens are valid: true, expires at: 1761128662644
[debug] [2025-10-22T09:24:48.280Z] Checked if tokens are valid: true, expires at: 1761128662644
[debug] [2025-10-22T09:24:48.281Z] Checked if tokens are valid: true, expires at: 1761128662644
[debug] [2025-10-22T09:24:48.284Z] Checked if tokens are valid: true, expires at: 1761128662644
[debug] [2025-10-22T09:24:48.285Z] Checked if tokens are valid: true, expires at: 1761128662644
[debug] [2025-10-22T09:24:48.285Z] Checked if tokens are valid: true, expires at: 1761128662644
[debug] [2025-10-22T09:24:48.290Z] Checked if tokens are valid: true, expires at: 1761128662644
[debug] [2025-10-22T09:24:48.290Z] Checked if tokens are valid: true, expires at: 1761128662644
[debug] [2025-10-22T09:24:48.291Z] Checked if tokens are valid: true, expires at: 1761128662644
[debug] [2025-10-22T09:24:48.292Z] Checked if tokens are valid: true, expires at: 1761128662644
[debug] [2025-10-22T09:24:48.296Z] Checked if tokens are valid: true, expires at: 1761128662644
[debug] [2025-10-22T09:24:48.296Z] Checked if tokens are valid: true, expires at: 1761128662644
[debug] [2025-10-22T09:24:48.297Z] Checked if tokens are valid: true, expires at: 1761128662644
[debug] [2025-10-22T09:24:48.297Z] Checked if tokens are valid: true, expires at: 1761128662644
[debug] [2025-10-22T09:24:48.298Z] Checked if tokens are valid: true, expires at: 1761128662644
[debug] [2025-10-22T09:24:48.302Z] Checked if tokens are valid: true, expires at: 1761128662644
[debug] [2025-10-22T09:24:48.305Z] Checked if tokens are valid: true, expires at: 1761128662644
[debug] [2025-10-22T09:24:48.305Z] Checked if tokens are valid: true, expires at: 1761128662644
[debug] [2025-10-22T09:24:48.306Z] Checked if tokens are valid: true, expires at: 1761128662644
[debug] [2025-10-22T09:24:48.307Z] Checked if tokens are valid: true, expires at: 1761128662644
[debug] [2025-10-22T09:24:48.307Z] Checked if tokens are valid: true, expires at: 1761128662644
[debug] [2025-10-22T09:24:48.308Z] Checked if tokens are valid: true, expires at: 1761128662644
[debug] [2025-10-22T09:24:48.309Z] Checked if tokens are valid: true, expires at: 1761128662644
[debug] [2025-10-22T09:24:48.310Z] Checked if tokens are valid: true, expires at: 1761128662644
[debug] [2025-10-22T09:24:48.310Z] Checked if tokens are valid: true, expires at: 1761128662644
[debug] [2025-10-22T09:24:48.311Z] Checked if tokens are valid: true, expires at: 1761128662644
[debug] [2025-10-22T09:24:48.311Z] Checked if tokens are valid: true, expires at: 1761128662644
[debug] [2025-10-22T09:24:48.311Z] Checked if tokens are valid: true, expires at: 1761128662644
[debug] [2025-10-22T09:24:48.312Z] Checked if tokens are valid: true, expires at: 1761128662644
[debug] [2025-10-22T09:24:48.313Z] Checked if tokens are valid: true, expires at: 1761128662644
[debug] [2025-10-22T09:24:48.314Z] Checked if tokens are valid: true, expires at: 1761128662644
[debug] [2025-10-22T09:24:48.315Z] Checked if tokens are valid: true, expires at: 1761128662644
[debug] [2025-10-22T09:24:48.317Z] Checked if tokens are valid: true, expires at: 1761128662644
[debug] [2025-10-22T09:24:48.318Z] Checked if tokens are valid: true, expires at: 1761128662644
[debug] [2025-10-22T09:24:48.320Z] Checked if tokens are valid: true, expires at: 1761128662644
[debug] [2025-10-22T09:24:48.320Z] Checked if tokens are valid: true, expires at: 1761128662644
[debug] [2025-10-22T09:24:48.322Z] Checked if tokens are valid: true, expires at: 1761128662644
[debug] [2025-10-22T09:24:48.322Z] Checked if tokens are valid: true, expires at: 1761128662644
[debug] [2025-10-22T09:24:48.323Z] Checked if tokens are valid: true, expires at: 1761128662644
[debug] [2025-10-22T09:24:48.323Z] Checked if tokens are valid: true, expires at: 1761128662644
[debug] [2025-10-22T09:24:48.324Z] Checked if tokens are valid: true, expires at: 1761128662644
[debug] [2025-10-22T09:24:48.324Z] Checked if tokens are valid: true, expires at: 1761128662644
[debug] [2025-10-22T09:24:48.326Z] Checked if tokens are valid: true, expires at: 1761128662644
[debug] [2025-10-22T09:24:48.326Z] Checked if tokens are valid: true, expires at: 1761128662644
[debug] [2025-10-22T09:24:48.327Z] Checked if tokens are valid: true, expires at: 1761128662644
[debug] [2025-10-22T09:24:48.327Z] Checked if tokens are valid: true, expires at: 1761128662644
[debug] [2025-10-22T09:24:48.328Z] Checked if tokens are valid: true, expires at: 1761128662644
[debug] [2025-10-22T09:24:48.328Z] Checked if tokens are valid: true, expires at: 1761128662644
[debug] [2025-10-22T09:24:48.329Z] Checked if tokens are valid: true, expires at: 1761128662644
[debug] [2025-10-22T09:24:48.329Z] Checked if tokens are valid: true, expires at: 1761128662644
[debug] [2025-10-22T09:24:48.330Z] Checked if tokens are valid: true, expires at: 1761128662644
[debug] [2025-10-22T09:24:48.330Z] Checked if tokens are valid: true, expires at: 1761128662644
[debug] [2025-10-22T09:24:48.331Z] Checked if tokens are valid: true, expires at: 1761128662644
[debug] [2025-10-22T09:24:48.331Z] Checked if tokens are valid: true, expires at: 1761128662644
[debug] [2025-10-22T09:24:48.333Z] Checked if tokens are valid: true, expires at: 1761128662644
[debug] [2025-10-22T09:24:48.333Z] Checked if tokens are valid: true, expires at: 1761128662644
[debug] [2025-10-22T09:24:48.334Z] Checked if tokens are valid: true, expires at: 1761128662644
[debug] [2025-10-22T09:24:48.334Z] Checked if tokens are valid: true, expires at: 1761128662644
[debug] [2025-10-22T09:24:48.335Z] Checked if tokens are valid: true, expires at: 1761128662644
[debug] [2025-10-22T09:24:48.335Z] Checked if tokens are valid: true, expires at: 1761128662644
[debug] [2025-10-22T09:24:48.336Z] Checked if tokens are valid: true, expires at: 1761128662644
[debug] [2025-10-22T09:24:48.336Z] Checked if tokens are valid: true, expires at: 1761128662644
[debug] [2025-10-22T09:24:48.337Z] Checked if tokens are valid: true, expires at: 1761128662644
[debug] [2025-10-22T09:24:48.337Z] Checked if tokens are valid: true, expires at: 1761128662644
[debug] [2025-10-22T09:24:48.338Z] Checked if tokens are valid: true, expires at: 1761128662644
[debug] [2025-10-22T09:24:48.338Z] Checked if tokens are valid: true, expires at: 1761128662644
[debug] [2025-10-22T09:24:48.339Z] Checked if tokens are valid: true, expires at: 1761128662644
[debug] [2025-10-22T09:24:48.339Z] Checked if tokens are valid: true, expires at: 1761128662644
[debug] [2025-10-22T09:24:48.340Z] >>> [apiv2][query] POST https://upload-firebasehosting.googleapis.com/upload/sites/depsure-a9b61/versions/f36e2524d8a98f8a/files/1d05b5f8c4b6e7fb01d8b99e89f852d50a686ef94003be26e6f809cd98c78c19 [none]
[debug] [2025-10-22T09:24:48.340Z] >>> [apiv2][body] POST https://upload-firebasehosting.googleapis.com/upload/sites/depsure-a9b61/versions/f36e2524d8a98f8a/files/1d05b5f8c4b6e7fb01d8b99e89f852d50a686ef94003be26e6f809cd98c78c19 [stream]
[debug] [2025-10-22T09:24:48.344Z] >>> [apiv2][query] POST https://upload-firebasehosting.googleapis.com/upload/sites/depsure-a9b61/versions/f36e2524d8a98f8a/files/b4e55eabea1deb6a0dd639dea54a9adaf2a0947c938e50107dd67a94197272c7 [none]
[debug] [2025-10-22T09:24:48.345Z] >>> [apiv2][body] POST https://upload-firebasehosting.googleapis.com/upload/sites/depsure-a9b61/versions/f36e2524d8a98f8a/files/b4e55eabea1deb6a0dd639dea54a9adaf2a0947c938e50107dd67a94197272c7 [stream]
[debug] [2025-10-22T09:24:48.348Z] >>> [apiv2][query] POST https://upload-firebasehosting.googleapis.com/upload/sites/depsure-a9b61/versions/f36e2524d8a98f8a/files/680f8988f730fbc5ef96bd67b4fa4649614cbdfe0fa8bf89c9d98b54968c6003 [none]
[debug] [2025-10-22T09:24:48.348Z] >>> [apiv2][body] POST https://upload-firebasehosting.googleapis.com/upload/sites/depsure-a9b61/versions/f36e2524d8a98f8a/files/680f8988f730fbc5ef96bd67b4fa4649614cbdfe0fa8bf89c9d98b54968c6003 [stream]
[debug] [2025-10-22T09:24:48.352Z] >>> [apiv2][query] POST https://upload-firebasehosting.googleapis.com/upload/sites/depsure-a9b61/versions/f36e2524d8a98f8a/files/0ebc1d394414000009ce90447eee6f691282afc0442163976e8f88667c9c9fcb [none]
[debug] [2025-10-22T09:24:48.352Z] >>> [apiv2][body] POST https://upload-firebasehosting.googleapis.com/upload/sites/depsure-a9b61/versions/f36e2524d8a98f8a/files/0ebc1d394414000009ce90447eee6f691282afc0442163976e8f88667c9c9fcb [stream]
[debug] [2025-10-22T09:24:48.355Z] >>> [apiv2][query] POST https://upload-firebasehosting.googleapis.com/upload/sites/depsure-a9b61/versions/f36e2524d8a98f8a/files/c16be675b5a8427e67fbcb6483c12915d96511e3ca8723bd64d29ddd23ba57b9 [none]
[debug] [2025-10-22T09:24:48.356Z] >>> [apiv2][body] POST https://upload-firebasehosting.googleapis.com/upload/sites/depsure-a9b61/versions/f36e2524d8a98f8a/files/c16be675b5a8427e67fbcb6483c12915d96511e3ca8723bd64d29ddd23ba57b9 [stream]
[debug] [2025-10-22T09:24:48.359Z] >>> [apiv2][query] POST https://upload-firebasehosting.googleapis.com/upload/sites/depsure-a9b61/versions/f36e2524d8a98f8a/files/e36fbede06a6095a6a6b298ed34fa04507e5c207c2842b0bc14938c83659c8ed [none]
[debug] [2025-10-22T09:24:48.359Z] >>> [apiv2][body] POST https://upload-firebasehosting.googleapis.com/upload/sites/depsure-a9b61/versions/f36e2524d8a98f8a/files/e36fbede06a6095a6a6b298ed34fa04507e5c207c2842b0bc14938c83659c8ed [stream]
[debug] [2025-10-22T09:24:48.367Z] >>> [apiv2][query] POST https://upload-firebasehosting.googleapis.com/upload/sites/depsure-a9b61/versions/f36e2524d8a98f8a/files/c22e65034cc8c75695e166df6633051deccc75508c908a5736e2bc7d766b6e4e [none]
[debug] [2025-10-22T09:24:48.368Z] >>> [apiv2][body] POST https://upload-firebasehosting.googleapis.com/upload/sites/depsure-a9b61/versions/f36e2524d8a98f8a/files/c22e65034cc8c75695e166df6633051deccc75508c908a5736e2bc7d766b6e4e [stream]
[debug] [2025-10-22T09:24:48.375Z] >>> [apiv2][query] POST https://upload-firebasehosting.googleapis.com/upload/sites/depsure-a9b61/versions/f36e2524d8a98f8a/files/e0b091a54d4450e554a3c1b235c40107165e9f29db1bf0b5632dbe95a4278b59 [none]
[debug] [2025-10-22T09:24:48.375Z] >>> [apiv2][body] POST https://upload-firebasehosting.googleapis.com/upload/sites/depsure-a9b61/versions/f36e2524d8a98f8a/files/e0b091a54d4450e554a3c1b235c40107165e9f29db1bf0b5632dbe95a4278b59 [stream]
[debug] [2025-10-22T09:24:48.380Z] >>> [apiv2][query] POST https://upload-firebasehosting.googleapis.com/upload/sites/depsure-a9b61/versions/f36e2524d8a98f8a/files/bddbf5328f4955cd84a8d1e981fddac8fc9c52df8895c01b7b12204cae42c2c0 [none]
[debug] [2025-10-22T09:24:48.380Z] >>> [apiv2][body] POST https://upload-firebasehosting.googleapis.com/upload/sites/depsure-a9b61/versions/f36e2524d8a98f8a/files/bddbf5328f4955cd84a8d1e981fddac8fc9c52df8895c01b7b12204cae42c2c0 [stream]
[debug] [2025-10-22T09:24:48.391Z] >>> [apiv2][query] POST https://upload-firebasehosting.googleapis.com/upload/sites/depsure-a9b61/versions/f36e2524d8a98f8a/files/889983db873e89e77013fb3104cde77c890526665843336f93ec93da6fb41bb1 [none]
[debug] [2025-10-22T09:24:48.392Z] >>> [apiv2][body] POST https://upload-firebasehosting.googleapis.com/upload/sites/depsure-a9b61/versions/f36e2524d8a98f8a/files/889983db873e89e77013fb3104cde77c890526665843336f93ec93da6fb41bb1 [stream]
[debug] [2025-10-22T09:24:48.399Z] >>> [apiv2][query] POST https://upload-firebasehosting.googleapis.com/upload/sites/depsure-a9b61/versions/f36e2524d8a98f8a/files/f91a884f4631e070ffb9d9cb5a3004cda096b28cd4a3b68b0ae55727aa9d8009 [none]
[debug] [2025-10-22T09:24:48.400Z] >>> [apiv2][body] POST https://upload-firebasehosting.googleapis.com/upload/sites/depsure-a9b61/versions/f36e2524d8a98f8a/files/f91a884f4631e070ffb9d9cb5a3004cda096b28cd4a3b68b0ae55727aa9d8009 [stream]
[debug] [2025-10-22T09:24:48.406Z] >>> [apiv2][query] POST https://upload-firebasehosting.googleapis.com/upload/sites/depsure-a9b61/versions/f36e2524d8a98f8a/files/fb30402d4b4246cc03311ae2038b4b9c4bd09d68c00875d4af8922b744c7e9db [none]
[debug] [2025-10-22T09:24:48.407Z] >>> [apiv2][body] POST https://upload-firebasehosting.googleapis.com/upload/sites/depsure-a9b61/versions/f36e2524d8a98f8a/files/fb30402d4b4246cc03311ae2038b4b9c4bd09d68c00875d4af8922b744c7e9db [stream]
[debug] [2025-10-22T09:24:48.412Z] >>> [apiv2][query] POST https://upload-firebasehosting.googleapis.com/upload/sites/depsure-a9b61/versions/f36e2524d8a98f8a/files/46cee67a4183241eae8ab9ccfd147c492db305e475a50125d88b6f06b81d2759 [none]
[debug] [2025-10-22T09:24:48.412Z] >>> [apiv2][body] POST https://upload-firebasehosting.googleapis.com/upload/sites/depsure-a9b61/versions/f36e2524d8a98f8a/files/46cee67a4183241eae8ab9ccfd147c492db305e475a50125d88b6f06b81d2759 [stream]
[debug] [2025-10-22T09:24:48.417Z] >>> [apiv2][query] POST https://upload-firebasehosting.googleapis.com/upload/sites/depsure-a9b61/versions/f36e2524d8a98f8a/files/1d9d48805cad8d6e2f999954612d9f4384801e73a3f0300671dd62cbe321c1fc [none]
[debug] [2025-10-22T09:24:48.418Z] >>> [apiv2][body] POST https://upload-firebasehosting.googleapis.com/upload/sites/depsure-a9b61/versions/f36e2524d8a98f8a/files/1d9d48805cad8d6e2f999954612d9f4384801e73a3f0300671dd62cbe321c1fc [stream]
[debug] [2025-10-22T09:24:48.421Z] >>> [apiv2][query] POST https://upload-firebasehosting.googleapis.com/upload/sites/depsure-a9b61/versions/f36e2524d8a98f8a/files/d72b352a018291e8bbbe3fd832440be2b1a8a036c78a45f266d6992210b7a64c [none]
[debug] [2025-10-22T09:24:48.421Z] >>> [apiv2][body] POST https://upload-firebasehosting.googleapis.com/upload/sites/depsure-a9b61/versions/f36e2524d8a98f8a/files/d72b352a018291e8bbbe3fd832440be2b1a8a036c78a45f266d6992210b7a64c [stream]
[debug] [2025-10-22T09:24:48.427Z] >>> [apiv2][query] POST https://upload-firebasehosting.googleapis.com/upload/sites/depsure-a9b61/versions/f36e2524d8a98f8a/files/23d684fa3d7de7ac0b9558c8df65465d8263bf4bb36265c486e9bbb921de88e0 [none]
[debug] [2025-10-22T09:24:48.427Z] >>> [apiv2][body] POST https://upload-firebasehosting.googleapis.com/upload/sites/depsure-a9b61/versions/f36e2524d8a98f8a/files/23d684fa3d7de7ac0b9558c8df65465d8263bf4bb36265c486e9bbb921de88e0 [stream]
[debug] [2025-10-22T09:24:48.434Z] >>> [apiv2][query] POST https://upload-firebasehosting.googleapis.com/upload/sites/depsure-a9b61/versions/f36e2524d8a98f8a/files/6376611ca7611fc5f37ea9c3c1ce8be53a9c27d31eb61535f9cb6741f2e5e5c2 [none]
[debug] [2025-10-22T09:24:48.434Z] >>> [apiv2][body] POST https://upload-firebasehosting.googleapis.com/upload/sites/depsure-a9b61/versions/f36e2524d8a98f8a/files/6376611ca7611fc5f37ea9c3c1ce8be53a9c27d31eb61535f9cb6741f2e5e5c2 [stream]
[debug] [2025-10-22T09:24:48.439Z] >>> [apiv2][query] POST https://upload-firebasehosting.googleapis.com/upload/sites/depsure-a9b61/versions/f36e2524d8a98f8a/files/12a79be8c88690e11c989185cd2f62414eb5b2d18c7335427c99319478dc9bbf [none]
[debug] [2025-10-22T09:24:48.440Z] >>> [apiv2][body] POST https://upload-firebasehosting.googleapis.com/upload/sites/depsure-a9b61/versions/f36e2524d8a98f8a/files/12a79be8c88690e11c989185cd2f62414eb5b2d18c7335427c99319478dc9bbf [stream]
[debug] [2025-10-22T09:24:48.444Z] >>> [apiv2][query] POST https://upload-firebasehosting.googleapis.com/upload/sites/depsure-a9b61/versions/f36e2524d8a98f8a/files/37f334ecb70089d8c3e7f4b3c75d05af6cb21cb2878a6feb68854dedea400c54 [none]
[debug] [2025-10-22T09:24:48.444Z] >>> [apiv2][body] POST https://upload-firebasehosting.googleapis.com/upload/sites/depsure-a9b61/versions/f36e2524d8a98f8a/files/37f334ecb70089d8c3e7f4b3c75d05af6cb21cb2878a6feb68854dedea400c54 [stream]
[debug] [2025-10-22T09:24:48.447Z] >>> [apiv2][query] POST https://upload-firebasehosting.googleapis.com/upload/sites/depsure-a9b61/versions/f36e2524d8a98f8a/files/2b46a6973f70d1dde7b3716bc6347a788578fc6c0683f7e45b60c8a84fbdbe28 [none]
[debug] [2025-10-22T09:24:48.447Z] >>> [apiv2][body] POST https://upload-firebasehosting.googleapis.com/upload/sites/depsure-a9b61/versions/f36e2524d8a98f8a/files/2b46a6973f70d1dde7b3716bc6347a788578fc6c0683f7e45b60c8a84fbdbe28 [stream]
[debug] [2025-10-22T09:24:48.452Z] >>> [apiv2][query] POST https://upload-firebasehosting.googleapis.com/upload/sites/depsure-a9b61/versions/f36e2524d8a98f8a/files/04d9bf8b0cd360316b5e970fa3bc2ef6f287ec7d2df793c2ca3324e8247defb0 [none]
[debug] [2025-10-22T09:24:48.453Z] >>> [apiv2][body] POST https://upload-firebasehosting.googleapis.com/upload/sites/depsure-a9b61/versions/f36e2524d8a98f8a/files/04d9bf8b0cd360316b5e970fa3bc2ef6f287ec7d2df793c2ca3324e8247defb0 [stream]
[debug] [2025-10-22T09:24:48.459Z] >>> [apiv2][query] POST https://upload-firebasehosting.googleapis.com/upload/sites/depsure-a9b61/versions/f36e2524d8a98f8a/files/85f7187fbec7e507d73d024033adf282396ce603a7170d67df7a1a70e226cd48 [none]
[debug] [2025-10-22T09:24:48.459Z] >>> [apiv2][body] POST https://upload-firebasehosting.googleapis.com/upload/sites/depsure-a9b61/versions/f36e2524d8a98f8a/files/85f7187fbec7e507d73d024033adf282396ce603a7170d67df7a1a70e226cd48 [stream]
[debug] [2025-10-22T09:24:48.465Z] >>> [apiv2][query] POST https://upload-firebasehosting.googleapis.com/upload/sites/depsure-a9b61/versions/f36e2524d8a98f8a/files/2af3fc5e9ab724cf379f530ab3e291646686d9c2287d0153330125676f6f0ce7 [none]
[debug] [2025-10-22T09:24:48.465Z] >>> [apiv2][body] POST https://upload-firebasehosting.googleapis.com/upload/sites/depsure-a9b61/versions/f36e2524d8a98f8a/files/2af3fc5e9ab724cf379f530ab3e291646686d9c2287d0153330125676f6f0ce7 [stream]
[debug] [2025-10-22T09:24:48.469Z] >>> [apiv2][query] POST https://upload-firebasehosting.googleapis.com/upload/sites/depsure-a9b61/versions/f36e2524d8a98f8a/files/708bd47c7e9d065c30b2bc249b401ab484f9a09bc5c40ebe2511639f5c8e47a1 [none]
[debug] [2025-10-22T09:24:48.470Z] >>> [apiv2][body] POST https://upload-firebasehosting.googleapis.com/upload/sites/depsure-a9b61/versions/f36e2524d8a98f8a/files/708bd47c7e9d065c30b2bc249b401ab484f9a09bc5c40ebe2511639f5c8e47a1 [stream]
[debug] [2025-10-22T09:24:48.472Z] >>> [apiv2][query] POST https://upload-firebasehosting.googleapis.com/upload/sites/depsure-a9b61/versions/f36e2524d8a98f8a/files/10219535e45114ac52c57ba462cad8dc5dfd8664aaf2bebbd4b1394f6c578889 [none]
[debug] [2025-10-22T09:24:48.472Z] >>> [apiv2][body] POST https://upload-firebasehosting.googleapis.com/upload/sites/depsure-a9b61/versions/f36e2524d8a98f8a/files/10219535e45114ac52c57ba462cad8dc5dfd8664aaf2bebbd4b1394f6c578889 [stream]
[debug] [2025-10-22T09:24:48.475Z] >>> [apiv2][query] POST https://upload-firebasehosting.googleapis.com/upload/sites/depsure-a9b61/versions/f36e2524d8a98f8a/files/58720059df8aa0f3146a50656a79e192d40d2bbe2a2b4c97a537d853cada2615 [none]
[debug] [2025-10-22T09:24:48.476Z] >>> [apiv2][body] POST https://upload-firebasehosting.googleapis.com/upload/sites/depsure-a9b61/versions/f36e2524d8a98f8a/files/58720059df8aa0f3146a50656a79e192d40d2bbe2a2b4c97a537d853cada2615 [stream]
[debug] [2025-10-22T09:24:48.484Z] >>> [apiv2][query] POST https://upload-firebasehosting.googleapis.com/upload/sites/depsure-a9b61/versions/f36e2524d8a98f8a/files/eead6bd23fdfa1407241238cc647c937a97f2d0d5265640f83f28e25c629029c [none]
[debug] [2025-10-22T09:24:48.484Z] >>> [apiv2][body] POST https://upload-firebasehosting.googleapis.com/upload/sites/depsure-a9b61/versions/f36e2524d8a98f8a/files/eead6bd23fdfa1407241238cc647c937a97f2d0d5265640f83f28e25c629029c [stream]
[debug] [2025-10-22T09:24:48.487Z] >>> [apiv2][query] POST https://upload-firebasehosting.googleapis.com/upload/sites/depsure-a9b61/versions/f36e2524d8a98f8a/files/141b20627e89f4ebd724166479525cd6e909f1ed5bdf66037780514c2948f482 [none]
[debug] [2025-10-22T09:24:48.488Z] >>> [apiv2][body] POST https://upload-firebasehosting.googleapis.com/upload/sites/depsure-a9b61/versions/f36e2524d8a98f8a/files/141b20627e89f4ebd724166479525cd6e909f1ed5bdf66037780514c2948f482 [stream]
[debug] [2025-10-22T09:24:48.491Z] >>> [apiv2][query] POST https://upload-firebasehosting.googleapis.com/upload/sites/depsure-a9b61/versions/f36e2524d8a98f8a/files/c59580a0e2ade2b0ee6bb112a3b0ad24e0d9d3e457d473e359c531423844c74d [none]
[debug] [2025-10-22T09:24:48.491Z] >>> [apiv2][body] POST https://upload-firebasehosting.googleapis.com/upload/sites/depsure-a9b61/versions/f36e2524d8a98f8a/files/c59580a0e2ade2b0ee6bb112a3b0ad24e0d9d3e457d473e359c531423844c74d [stream]
[debug] [2025-10-22T09:24:48.494Z] >>> [apiv2][query] POST https://upload-firebasehosting.googleapis.com/upload/sites/depsure-a9b61/versions/f36e2524d8a98f8a/files/e8e0e23572b89179d8510d15efd0c1d44be7d4009b2904a4dcac5bec2a19b750 [none]
[debug] [2025-10-22T09:24:48.494Z] >>> [apiv2][body] POST https://upload-firebasehosting.googleapis.com/upload/sites/depsure-a9b61/versions/f36e2524d8a98f8a/files/e8e0e23572b89179d8510d15efd0c1d44be7d4009b2904a4dcac5bec2a19b750 [stream]
[debug] [2025-10-22T09:24:48.497Z] >>> [apiv2][query] POST https://upload-firebasehosting.googleapis.com/upload/sites/depsure-a9b61/versions/f36e2524d8a98f8a/files/a6e19fb702b3b95697e2da6a6eb7728c7f68666f4aa11b683473f9d9e74a7663 [none]
[debug] [2025-10-22T09:24:48.497Z] >>> [apiv2][body] POST https://upload-firebasehosting.googleapis.com/upload/sites/depsure-a9b61/versions/f36e2524d8a98f8a/files/a6e19fb702b3b95697e2da6a6eb7728c7f68666f4aa11b683473f9d9e74a7663 [stream]
[debug] [2025-10-22T09:24:48.501Z] >>> [apiv2][query] POST https://upload-firebasehosting.googleapis.com/upload/sites/depsure-a9b61/versions/f36e2524d8a98f8a/files/782e4b14fea652fbb4422f314b0d2de79f2d2a610d08dbfb955b4c716817532a [none]
[debug] [2025-10-22T09:24:48.502Z] >>> [apiv2][body] POST https://upload-firebasehosting.googleapis.com/upload/sites/depsure-a9b61/versions/f36e2524d8a98f8a/files/782e4b14fea652fbb4422f314b0d2de79f2d2a610d08dbfb955b4c716817532a [stream]
[debug] [2025-10-22T09:24:48.505Z] >>> [apiv2][query] POST https://upload-firebasehosting.googleapis.com/upload/sites/depsure-a9b61/versions/f36e2524d8a98f8a/files/7a1e5f64c0571c46a2495d96fe0326158598b02707581cf9a03a0fa651d238ad [none]
[debug] [2025-10-22T09:24:48.505Z] >>> [apiv2][body] POST https://upload-firebasehosting.googleapis.com/upload/sites/depsure-a9b61/versions/f36e2524d8a98f8a/files/7a1e5f64c0571c46a2495d96fe0326158598b02707581cf9a03a0fa651d238ad [stream]
[debug] [2025-10-22T09:24:48.510Z] >>> [apiv2][query] POST https://upload-firebasehosting.googleapis.com/upload/sites/depsure-a9b61/versions/f36e2524d8a98f8a/files/6e47f564839e35cfd00def062ec91e89c014ffb2565c9c4ff6a83034200058e1 [none]
[debug] [2025-10-22T09:24:48.511Z] >>> [apiv2][body] POST https://upload-firebasehosting.googleapis.com/upload/sites/depsure-a9b61/versions/f36e2524d8a98f8a/files/6e47f564839e35cfd00def062ec91e89c014ffb2565c9c4ff6a83034200058e1 [stream]
[debug] [2025-10-22T09:24:48.516Z] >>> [apiv2][query] POST https://upload-firebasehosting.googleapis.com/upload/sites/depsure-a9b61/versions/f36e2524d8a98f8a/files/ac500f12f2ac7597783da9155da99670a3dc2a2a32d8160ca9244dc99f35a035 [none]
[debug] [2025-10-22T09:24:48.517Z] >>> [apiv2][body] POST https://upload-firebasehosting.googleapis.com/upload/sites/depsure-a9b61/versions/f36e2524d8a98f8a/files/ac500f12f2ac7597783da9155da99670a3dc2a2a32d8160ca9244dc99f35a035 [stream]
[debug] [2025-10-22T09:24:48.522Z] >>> [apiv2][query] POST https://upload-firebasehosting.googleapis.com/upload/sites/depsure-a9b61/versions/f36e2524d8a98f8a/files/7a204f7e1ad186dfb6a4e5e7c75bd4f07bd2a39ea3ab5730c9e14e2ca70eef26 [none]
[debug] [2025-10-22T09:24:48.522Z] >>> [apiv2][body] POST https://upload-firebasehosting.googleapis.com/upload/sites/depsure-a9b61/versions/f36e2524d8a98f8a/files/7a204f7e1ad186dfb6a4e5e7c75bd4f07bd2a39ea3ab5730c9e14e2ca70eef26 [stream]
[debug] [2025-10-22T09:24:48.527Z] >>> [apiv2][query] POST https://upload-firebasehosting.googleapis.com/upload/sites/depsure-a9b61/versions/f36e2524d8a98f8a/files/7d65a6de6c55bebab63e2b4cf5b5bcd25be2489ea2a4724f250b418629119ade [none]
[debug] [2025-10-22T09:24:48.528Z] >>> [apiv2][body] POST https://upload-firebasehosting.googleapis.com/upload/sites/depsure-a9b61/versions/f36e2524d8a98f8a/files/7d65a6de6c55bebab63e2b4cf5b5bcd25be2489ea2a4724f250b418629119ade [stream]
[debug] [2025-10-22T09:24:48.535Z] >>> [apiv2][query] POST https://upload-firebasehosting.googleapis.com/upload/sites/depsure-a9b61/versions/f36e2524d8a98f8a/files/61da102c851edf5d8afb4a34166f46e2a097780cff9ad5296de5ead677aaa07e [none]
[debug] [2025-10-22T09:24:48.535Z] >>> [apiv2][body] POST https://upload-firebasehosting.googleapis.com/upload/sites/depsure-a9b61/versions/f36e2524d8a98f8a/files/61da102c851edf5d8afb4a34166f46e2a097780cff9ad5296de5ead677aaa07e [stream]
[debug] [2025-10-22T09:24:48.539Z] >>> [apiv2][query] POST https://upload-firebasehosting.googleapis.com/upload/sites/depsure-a9b61/versions/f36e2524d8a98f8a/files/2c3a8e354d5c1e64b2af1e0a0d0747a25ab0e16de1359d2048d489733ab18c1b [none]
[debug] [2025-10-22T09:24:48.540Z] >>> [apiv2][body] POST https://upload-firebasehosting.googleapis.com/upload/sites/depsure-a9b61/versions/f36e2524d8a98f8a/files/2c3a8e354d5c1e64b2af1e0a0d0747a25ab0e16de1359d2048d489733ab18c1b [stream]
[debug] [2025-10-22T09:24:48.546Z] >>> [apiv2][query] POST https://upload-firebasehosting.googleapis.com/upload/sites/depsure-a9b61/versions/f36e2524d8a98f8a/files/52a0b8bdb290e7cbc30aed44ab1e342b4285434a35b6370215dd423412052f4e [none]
[debug] [2025-10-22T09:24:48.547Z] >>> [apiv2][body] POST https://upload-firebasehosting.googleapis.com/upload/sites/depsure-a9b61/versions/f36e2524d8a98f8a/files/52a0b8bdb290e7cbc30aed44ab1e342b4285434a35b6370215dd423412052f4e [stream]
[debug] [2025-10-22T09:24:48.550Z] >>> [apiv2][query] POST https://upload-firebasehosting.googleapis.com/upload/sites/depsure-a9b61/versions/f36e2524d8a98f8a/files/6a84160f4380554708b011b7958d0c8bb564546bb053c203d22ec8349247194c [none]
[debug] [2025-10-22T09:24:48.550Z] >>> [apiv2][body] POST https://upload-firebasehosting.googleapis.com/upload/sites/depsure-a9b61/versions/f36e2524d8a98f8a/files/6a84160f4380554708b011b7958d0c8bb564546bb053c203d22ec8349247194c [stream]
[debug] [2025-10-22T09:24:48.556Z] >>> [apiv2][query] POST https://upload-firebasehosting.googleapis.com/upload/sites/depsure-a9b61/versions/f36e2524d8a98f8a/files/fb2b1443d39486eaedafb3c81c23ace51bce0e90db9196d97c8f66c431d426c0 [none]
[debug] [2025-10-22T09:24:48.556Z] >>> [apiv2][body] POST https://upload-firebasehosting.googleapis.com/upload/sites/depsure-a9b61/versions/f36e2524d8a98f8a/files/fb2b1443d39486eaedafb3c81c23ace51bce0e90db9196d97c8f66c431d426c0 [stream]
[debug] [2025-10-22T09:24:48.563Z] >>> [apiv2][query] POST https://upload-firebasehosting.googleapis.com/upload/sites/depsure-a9b61/versions/f36e2524d8a98f8a/files/33bd47b4a1ada62dd9f9c6e4568a85cfc993dd022ba096e25231e0a69794ae40 [none]
[debug] [2025-10-22T09:24:48.564Z] >>> [apiv2][body] POST https://upload-firebasehosting.googleapis.com/upload/sites/depsure-a9b61/versions/f36e2524d8a98f8a/files/33bd47b4a1ada62dd9f9c6e4568a85cfc993dd022ba096e25231e0a69794ae40 [stream]
[debug] [2025-10-22T09:24:48.574Z] >>> [apiv2][query] POST https://upload-firebasehosting.googleapis.com/upload/sites/depsure-a9b61/versions/f36e2524d8a98f8a/files/d3bd03cf9fecb15277d676c9d54595808993499e4bb9b24648b48cb722bc2e88 [none]
[debug] [2025-10-22T09:24:48.575Z] >>> [apiv2][body] POST https://upload-firebasehosting.googleapis.com/upload/sites/depsure-a9b61/versions/f36e2524d8a98f8a/files/d3bd03cf9fecb15277d676c9d54595808993499e4bb9b24648b48cb722bc2e88 [stream]
[debug] [2025-10-22T09:24:48.579Z] >>> [apiv2][query] POST https://upload-firebasehosting.googleapis.com/upload/sites/depsure-a9b61/versions/f36e2524d8a98f8a/files/8f0562688d601808f287765524264f51f226851b581ff51bc02a750511b60f3e [none]
[debug] [2025-10-22T09:24:48.580Z] >>> [apiv2][body] POST https://upload-firebasehosting.googleapis.com/upload/sites/depsure-a9b61/versions/f36e2524d8a98f8a/files/8f0562688d601808f287765524264f51f226851b581ff51bc02a750511b60f3e [stream]
[debug] [2025-10-22T09:24:48.586Z] >>> [apiv2][query] POST https://upload-firebasehosting.googleapis.com/upload/sites/depsure-a9b61/versions/f36e2524d8a98f8a/files/fb8627ca8132f5a2197f5432029bfc035b4d08313fe475f8f9a99323d0477a8b [none]
[debug] [2025-10-22T09:24:48.587Z] >>> [apiv2][body] POST https://upload-firebasehosting.googleapis.com/upload/sites/depsure-a9b61/versions/f36e2524d8a98f8a/files/fb8627ca8132f5a2197f5432029bfc035b4d08313fe475f8f9a99323d0477a8b [stream]
[debug] [2025-10-22T09:24:48.590Z] >>> [apiv2][query] POST https://upload-firebasehosting.googleapis.com/upload/sites/depsure-a9b61/versions/f36e2524d8a98f8a/files/cde905cfcc73f1fd73ed5d99411a4c8db0862376143564bac03077bbc31238f7 [none]
[debug] [2025-10-22T09:24:48.590Z] >>> [apiv2][body] POST https://upload-firebasehosting.googleapis.com/upload/sites/depsure-a9b61/versions/f36e2524d8a98f8a/files/cde905cfcc73f1fd73ed5d99411a4c8db0862376143564bac03077bbc31238f7 [stream]
[debug] [2025-10-22T09:24:48.597Z] >>> [apiv2][query] POST https://upload-firebasehosting.googleapis.com/upload/sites/depsure-a9b61/versions/f36e2524d8a98f8a/files/995b334dd79ffbaeb6207035d46cd8af0811ce7ab43859f4d129c8e42a44e452 [none]
[debug] [2025-10-22T09:24:48.598Z] >>> [apiv2][body] POST https://upload-firebasehosting.googleapis.com/upload/sites/depsure-a9b61/versions/f36e2524d8a98f8a/files/995b334dd79ffbaeb6207035d46cd8af0811ce7ab43859f4d129c8e42a44e452 [stream]
[debug] [2025-10-22T09:24:48.606Z] >>> [apiv2][query] POST https://upload-firebasehosting.googleapis.com/upload/sites/depsure-a9b61/versions/f36e2524d8a98f8a/files/56837d1faa3ef5c0be606cb69ca2c39473388d8ed349666a51808df3ec4a3ed2 [none]
[debug] [2025-10-22T09:24:48.606Z] >>> [apiv2][body] POST https://upload-firebasehosting.googleapis.com/upload/sites/depsure-a9b61/versions/f36e2524d8a98f8a/files/56837d1faa3ef5c0be606cb69ca2c39473388d8ed349666a51808df3ec4a3ed2 [stream]
[debug] [2025-10-22T09:24:48.610Z] >>> [apiv2][query] POST https://upload-firebasehosting.googleapis.com/upload/sites/depsure-a9b61/versions/f36e2524d8a98f8a/files/a0ed6ed09823e98bec97271b11b4bfe2365c4647cac702343c0dd8500a28adcc [none]
[debug] [2025-10-22T09:24:48.611Z] >>> [apiv2][body] POST https://upload-firebasehosting.googleapis.com/upload/sites/depsure-a9b61/versions/f36e2524d8a98f8a/files/a0ed6ed09823e98bec97271b11b4bfe2365c4647cac702343c0dd8500a28adcc [stream]
[debug] [2025-10-22T09:24:48.615Z] >>> [apiv2][query] POST https://upload-firebasehosting.googleapis.com/upload/sites/depsure-a9b61/versions/f36e2524d8a98f8a/files/440c6740c28999a24de4cbd2151c7486516f72cbc4511840fd5247302bf68cfb [none]
[debug] [2025-10-22T09:24:48.615Z] >>> [apiv2][body] POST https://upload-firebasehosting.googleapis.com/upload/sites/depsure-a9b61/versions/f36e2524d8a98f8a/files/440c6740c28999a24de4cbd2151c7486516f72cbc4511840fd5247302bf68cfb [stream]
[debug] [2025-10-22T09:24:48.626Z] >>> [apiv2][query] POST https://upload-firebasehosting.googleapis.com/upload/sites/depsure-a9b61/versions/f36e2524d8a98f8a/files/1f684dec8ff3ba1448b7e0772f8873bb6c9e2989c45487245877f39b1464d996 [none]
[debug] [2025-10-22T09:24:48.626Z] >>> [apiv2][body] POST https://upload-firebasehosting.googleapis.com/upload/sites/depsure-a9b61/versions/f36e2524d8a98f8a/files/1f684dec8ff3ba1448b7e0772f8873bb6c9e2989c45487245877f39b1464d996 [stream]
[debug] [2025-10-22T09:24:48.630Z] >>> [apiv2][query] POST https://upload-firebasehosting.googleapis.com/upload/sites/depsure-a9b61/versions/f36e2524d8a98f8a/files/102911dcdabccb61c967a0335571dee8db4fdb95a6b7a7a58d3a89ed33944a02 [none]
[debug] [2025-10-22T09:24:48.630Z] >>> [apiv2][body] POST https://upload-firebasehosting.googleapis.com/upload/sites/depsure-a9b61/versions/f36e2524d8a98f8a/files/102911dcdabccb61c967a0335571dee8db4fdb95a6b7a7a58d3a89ed33944a02 [stream]
[debug] [2025-10-22T09:24:48.640Z] >>> [apiv2][query] POST https://upload-firebasehosting.googleapis.com/upload/sites/depsure-a9b61/versions/f36e2524d8a98f8a/files/2675d5ebcf4f0c4ad4cee7f8fbac9ad815fbb0b19f50735c07aecde11fe7c836 [none]
[debug] [2025-10-22T09:24:48.640Z] >>> [apiv2][body] POST https://upload-firebasehosting.googleapis.com/upload/sites/depsure-a9b61/versions/f36e2524d8a98f8a/files/2675d5ebcf4f0c4ad4cee7f8fbac9ad815fbb0b19f50735c07aecde11fe7c836 [stream]
[debug] [2025-10-22T09:24:48.642Z] >>> [apiv2][query] POST https://upload-firebasehosting.googleapis.com/upload/sites/depsure-a9b61/versions/f36e2524d8a98f8a/files/fa45e7d3b01ea28c90bbf3487341552e67ebf3eda4cb4aa1ff64784258a4b360 [none]
[debug] [2025-10-22T09:24:48.642Z] >>> [apiv2][body] POST https://upload-firebasehosting.googleapis.com/upload/sites/depsure-a9b61/versions/f36e2524d8a98f8a/files/fa45e7d3b01ea28c90bbf3487341552e67ebf3eda4cb4aa1ff64784258a4b360 [stream]
[debug] [2025-10-22T09:24:48.644Z] >>> [apiv2][query] POST https://upload-firebasehosting.googleapis.com/upload/sites/depsure-a9b61/versions/f36e2524d8a98f8a/files/b6afe33c8bdd0acaa9d709fdd079bdefd92699145c48ebf430fd2e17530f06ce [none]
[debug] [2025-10-22T09:24:48.645Z] >>> [apiv2][body] POST https://upload-firebasehosting.googleapis.com/upload/sites/depsure-a9b61/versions/f36e2524d8a98f8a/files/b6afe33c8bdd0acaa9d709fdd079bdefd92699145c48ebf430fd2e17530f06ce [stream]
[debug] [2025-10-22T09:24:48.647Z] >>> [apiv2][query] POST https://upload-firebasehosting.googleapis.com/upload/sites/depsure-a9b61/versions/f36e2524d8a98f8a/files/09ce1c1d04ce6c0ab7dc5aac77fa42b189da1302fb6a443beef5dcc2bf83bc4b [none]
[debug] [2025-10-22T09:24:48.647Z] >>> [apiv2][body] POST https://upload-firebasehosting.googleapis.com/upload/sites/depsure-a9b61/versions/f36e2524d8a98f8a/files/09ce1c1d04ce6c0ab7dc5aac77fa42b189da1302fb6a443beef5dcc2bf83bc4b [stream]
[debug] [2025-10-22T09:24:48.653Z] >>> [apiv2][query] POST https://upload-firebasehosting.googleapis.com/upload/sites/depsure-a9b61/versions/f36e2524d8a98f8a/files/08c55ec9f0a5762e7d20bdeb8162925db34affd63a5563d53ccda21f2be19674 [none]
[debug] [2025-10-22T09:24:48.653Z] >>> [apiv2][body] POST https://upload-firebasehosting.googleapis.com/upload/sites/depsure-a9b61/versions/f36e2524d8a98f8a/files/08c55ec9f0a5762e7d20bdeb8162925db34affd63a5563d53ccda21f2be19674 [stream]
[debug] [2025-10-22T09:24:48.657Z] >>> [apiv2][query] POST https://upload-firebasehosting.googleapis.com/upload/sites/depsure-a9b61/versions/f36e2524d8a98f8a/files/255681051e51d160f2d76f020d53f9eec5bc45eae3f108e60382afe584276247 [none]
[debug] [2025-10-22T09:24:48.658Z] >>> [apiv2][body] POST https://upload-firebasehosting.googleapis.com/upload/sites/depsure-a9b61/versions/f36e2524d8a98f8a/files/255681051e51d160f2d76f020d53f9eec5bc45eae3f108e60382afe584276247 [stream]
[debug] [2025-10-22T09:24:48.660Z] >>> [apiv2][query] POST https://upload-firebasehosting.googleapis.com/upload/sites/depsure-a9b61/versions/f36e2524d8a98f8a/files/9533aac1e9fc312cf6132409ecc4f8819220a8b4400a04a3a2251bb374da5dad [none]
[debug] [2025-10-22T09:24:48.660Z] >>> [apiv2][body] POST https://upload-firebasehosting.googleapis.com/upload/sites/depsure-a9b61/versions/f36e2524d8a98f8a/files/9533aac1e9fc312cf6132409ecc4f8819220a8b4400a04a3a2251bb374da5dad [stream]
[debug] [2025-10-22T09:24:48.663Z] >>> [apiv2][query] POST https://upload-firebasehosting.googleapis.com/upload/sites/depsure-a9b61/versions/f36e2524d8a98f8a/files/a206f76705483fffe069319d2a7c7547e9cb7e9b2f3a529fd66fb38d5997b693 [none]
[debug] [2025-10-22T09:24:48.663Z] >>> [apiv2][body] POST https://upload-firebasehosting.googleapis.com/upload/sites/depsure-a9b61/versions/f36e2524d8a98f8a/files/a206f76705483fffe069319d2a7c7547e9cb7e9b2f3a529fd66fb38d5997b693 [stream]
[debug] [2025-10-22T09:24:48.665Z] >>> [apiv2][query] POST https://upload-firebasehosting.googleapis.com/upload/sites/depsure-a9b61/versions/f36e2524d8a98f8a/files/c4bbca034acc45b2639c83e1e7b9005a9d8d5ecd434713c327a3724fc144f361 [none]
[debug] [2025-10-22T09:24:48.665Z] >>> [apiv2][body] POST https://upload-firebasehosting.googleapis.com/upload/sites/depsure-a9b61/versions/f36e2524d8a98f8a/files/c4bbca034acc45b2639c83e1e7b9005a9d8d5ecd434713c327a3724fc144f361 [stream]
[debug] [2025-10-22T09:24:48.670Z] >>> [apiv2][query] POST https://upload-firebasehosting.googleapis.com/upload/sites/depsure-a9b61/versions/f36e2524d8a98f8a/files/d0e2325b1d58421e5dc8276c5155ddb384e4b2b02e23702fe29e9662b4af2abd [none]
[debug] [2025-10-22T09:24:48.670Z] >>> [apiv2][body] POST https://upload-firebasehosting.googleapis.com/upload/sites/depsure-a9b61/versions/f36e2524d8a98f8a/files/d0e2325b1d58421e5dc8276c5155ddb384e4b2b02e23702fe29e9662b4af2abd [stream]
[debug] [2025-10-22T09:24:48.672Z] >>> [apiv2][query] POST https://upload-firebasehosting.googleapis.com/upload/sites/depsure-a9b61/versions/f36e2524d8a98f8a/files/c600a0cc556f2d0a6e8488736373ed6b3f669401a9e442a047337b60987225b1 [none]
[debug] [2025-10-22T09:24:48.672Z] >>> [apiv2][body] POST https://upload-firebasehosting.googleapis.com/upload/sites/depsure-a9b61/versions/f36e2524d8a98f8a/files/c600a0cc556f2d0a6e8488736373ed6b3f669401a9e442a047337b60987225b1 [stream]
[debug] [2025-10-22T09:24:48.675Z] >>> [apiv2][query] POST https://upload-firebasehosting.googleapis.com/upload/sites/depsure-a9b61/versions/f36e2524d8a98f8a/files/d77cdd518fa356f4064b13c8810d5dabc7b1af48d1803e25582b93300d8d67ad [none]
[debug] [2025-10-22T09:24:48.675Z] >>> [apiv2][body] POST https://upload-firebasehosting.googleapis.com/upload/sites/depsure-a9b61/versions/f36e2524d8a98f8a/files/d77cdd518fa356f4064b13c8810d5dabc7b1af48d1803e25582b93300d8d67ad [stream]
[debug] [2025-10-22T09:24:48.677Z] >>> [apiv2][query] POST https://upload-firebasehosting.googleapis.com/upload/sites/depsure-a9b61/versions/f36e2524d8a98f8a/files/d50bbf3c719f414a5b89b5c0bbed60a79da7bf3f0cb1935c40b7053d284a8a01 [none]
[debug] [2025-10-22T09:24:48.677Z] >>> [apiv2][body] POST https://upload-firebasehosting.googleapis.com/upload/sites/depsure-a9b61/versions/f36e2524d8a98f8a/files/d50bbf3c719f414a5b89b5c0bbed60a79da7bf3f0cb1935c40b7053d284a8a01 [stream]
[debug] [2025-10-22T09:24:48.680Z] >>> [apiv2][query] POST https://upload-firebasehosting.googleapis.com/upload/sites/depsure-a9b61/versions/f36e2524d8a98f8a/files/a8774a806d897bcaa1bb8754d873b43c1fd2348c3c92ba96c82de8edfecf3e40 [none]
[debug] [2025-10-22T09:24:48.680Z] >>> [apiv2][body] POST https://upload-firebasehosting.googleapis.com/upload/sites/depsure-a9b61/versions/f36e2524d8a98f8a/files/a8774a806d897bcaa1bb8754d873b43c1fd2348c3c92ba96c82de8edfecf3e40 [stream]
[debug] [2025-10-22T09:24:48.683Z] >>> [apiv2][query] POST https://upload-firebasehosting.googleapis.com/upload/sites/depsure-a9b61/versions/f36e2524d8a98f8a/files/19e63f4b0ac9d0545669e88fc6282cea75207804fa8c223f2fc3fc1015a97207 [none]
[debug] [2025-10-22T09:24:48.684Z] >>> [apiv2][body] POST https://upload-firebasehosting.googleapis.com/upload/sites/depsure-a9b61/versions/f36e2524d8a98f8a/files/19e63f4b0ac9d0545669e88fc6282cea75207804fa8c223f2fc3fc1015a97207 [stream]
[debug] [2025-10-22T09:24:48.687Z] >>> [apiv2][query] POST https://upload-firebasehosting.googleapis.com/upload/sites/depsure-a9b61/versions/f36e2524d8a98f8a/files/99e05f4f3e25d39cea7ad2638f385d257ae81364db7eb38c0079cc7b1d7b7a90 [none]
[debug] [2025-10-22T09:24:48.687Z] >>> [apiv2][body] POST https://upload-firebasehosting.googleapis.com/upload/sites/depsure-a9b61/versions/f36e2524d8a98f8a/files/99e05f4f3e25d39cea7ad2638f385d257ae81364db7eb38c0079cc7b1d7b7a90 [stream]
[debug] [2025-10-22T09:24:48.689Z] >>> [apiv2][query] POST https://upload-firebasehosting.googleapis.com/upload/sites/depsure-a9b61/versions/f36e2524d8a98f8a/files/eb6b2722fce482a8fba06ba08eb5ca4437d89b32f3ffa5bf8831416be9c4c527 [none]
[debug] [2025-10-22T09:24:48.690Z] >>> [apiv2][body] POST https://upload-firebasehosting.googleapis.com/upload/sites/depsure-a9b61/versions/f36e2524d8a98f8a/files/eb6b2722fce482a8fba06ba08eb5ca4437d89b32f3ffa5bf8831416be9c4c527 [stream]
[debug] [2025-10-22T09:24:48.693Z] >>> [apiv2][query] POST https://upload-firebasehosting.googleapis.com/upload/sites/depsure-a9b61/versions/f36e2524d8a98f8a/files/3ea2479a23b6ffb9975170925533be903ad6e1d0c77f1791a8a0214762c034c7 [none]
[debug] [2025-10-22T09:24:48.693Z] >>> [apiv2][body] POST https://upload-firebasehosting.googleapis.com/upload/sites/depsure-a9b61/versions/f36e2524d8a98f8a/files/3ea2479a23b6ffb9975170925533be903ad6e1d0c77f1791a8a0214762c034c7 [stream]
[debug] [2025-10-22T09:24:48.696Z] >>> [apiv2][query] POST https://upload-firebasehosting.googleapis.com/upload/sites/depsure-a9b61/versions/f36e2524d8a98f8a/files/059c40435c45175f370e71db150a3f383348aa2cb01133d14504dd08ed4091eb [none]
[debug] [2025-10-22T09:24:48.696Z] >>> [apiv2][body] POST https://upload-firebasehosting.googleapis.com/upload/sites/depsure-a9b61/versions/f36e2524d8a98f8a/files/059c40435c45175f370e71db150a3f383348aa2cb01133d14504dd08ed4091eb [stream]
[debug] [2025-10-22T09:24:48.698Z] >>> [apiv2][query] POST https://upload-firebasehosting.googleapis.com/upload/sites/depsure-a9b61/versions/f36e2524d8a98f8a/files/1e92c3242d9caadd666e34f207c4cf4e83178e5610f40c821f75671ee176e776 [none]
[debug] [2025-10-22T09:24:48.698Z] >>> [apiv2][body] POST https://upload-firebasehosting.googleapis.com/upload/sites/depsure-a9b61/versions/f36e2524d8a98f8a/files/1e92c3242d9caadd666e34f207c4cf4e83178e5610f40c821f75671ee176e776 [stream]
[debug] [2025-10-22T09:24:48.701Z] >>> [apiv2][query] POST https://upload-firebasehosting.googleapis.com/upload/sites/depsure-a9b61/versions/f36e2524d8a98f8a/files/9c273167dad62311d6530a80fc34e1b8b0f81c55aef5a15f394bc924ab3e8685 [none]
[debug] [2025-10-22T09:24:48.701Z] >>> [apiv2][body] POST https://upload-firebasehosting.googleapis.com/upload/sites/depsure-a9b61/versions/f36e2524d8a98f8a/files/9c273167dad62311d6530a80fc34e1b8b0f81c55aef5a15f394bc924ab3e8685 [stream]
[debug] [2025-10-22T09:24:48.703Z] >>> [apiv2][query] POST https://upload-firebasehosting.googleapis.com/upload/sites/depsure-a9b61/versions/f36e2524d8a98f8a/files/2ffed6bbc686487b6d4d61760713fe68bf05b1ab218bd0666d5840a4f8270d58 [none]
[debug] [2025-10-22T09:24:48.703Z] >>> [apiv2][body] POST https://upload-firebasehosting.googleapis.com/upload/sites/depsure-a9b61/versions/f36e2524d8a98f8a/files/2ffed6bbc686487b6d4d61760713fe68bf05b1ab218bd0666d5840a4f8270d58 [stream]
[debug] [2025-10-22T09:24:48.705Z] >>> [apiv2][query] POST https://upload-firebasehosting.googleapis.com/upload/sites/depsure-a9b61/versions/f36e2524d8a98f8a/files/ee011fca862a528818465f87d0073982f76c05b89be3c402f0a21849ff1406cf [none]
[debug] [2025-10-22T09:24:48.705Z] >>> [apiv2][body] POST https://upload-firebasehosting.googleapis.com/upload/sites/depsure-a9b61/versions/f36e2524d8a98f8a/files/ee011fca862a528818465f87d0073982f76c05b89be3c402f0a21849ff1406cf [stream]
[debug] [2025-10-22T09:24:48.707Z] >>> [apiv2][query] POST https://upload-firebasehosting.googleapis.com/upload/sites/depsure-a9b61/versions/f36e2524d8a98f8a/files/dfd98534d1085e07409983b15c047f7ec9d9d67b3ef95f059ef2bd4875ccc59a [none]
[debug] [2025-10-22T09:24:48.707Z] >>> [apiv2][body] POST https://upload-firebasehosting.googleapis.com/upload/sites/depsure-a9b61/versions/f36e2524d8a98f8a/files/dfd98534d1085e07409983b15c047f7ec9d9d67b3ef95f059ef2bd4875ccc59a [stream]
[debug] [2025-10-22T09:24:48.710Z] >>> [apiv2][query] POST https://upload-firebasehosting.googleapis.com/upload/sites/depsure-a9b61/versions/f36e2524d8a98f8a/files/085b2356ab1245b3553f9f236c74c658666350a2533fce7f2616cfdad4bee740 [none]
[debug] [2025-10-22T09:24:48.710Z] >>> [apiv2][body] POST https://upload-firebasehosting.googleapis.com/upload/sites/depsure-a9b61/versions/f36e2524d8a98f8a/files/085b2356ab1245b3553f9f236c74c658666350a2533fce7f2616cfdad4bee740 [stream]
[debug] [2025-10-22T09:24:48.712Z] >>> [apiv2][query] POST https://upload-firebasehosting.googleapis.com/upload/sites/depsure-a9b61/versions/f36e2524d8a98f8a/files/eecffa1855627135e171b0efee17dc5b6daad6d277da159bedc3df45007e494f [none]
[debug] [2025-10-22T09:24:48.712Z] >>> [apiv2][body] POST https://upload-firebasehosting.googleapis.com/upload/sites/depsure-a9b61/versions/f36e2524d8a98f8a/files/eecffa1855627135e171b0efee17dc5b6daad6d277da159bedc3df45007e494f [stream]
[debug] [2025-10-22T09:24:48.714Z] >>> [apiv2][query] POST https://upload-firebasehosting.googleapis.com/upload/sites/depsure-a9b61/versions/f36e2524d8a98f8a/files/0a1effb2eb465395e1b984c3a4a6133c207edbf8588280effe3a8cea0a7f6b17 [none]
[debug] [2025-10-22T09:24:48.714Z] >>> [apiv2][body] POST https://upload-firebasehosting.googleapis.com/upload/sites/depsure-a9b61/versions/f36e2524d8a98f8a/files/0a1effb2eb465395e1b984c3a4a6133c207edbf8588280effe3a8cea0a7f6b17 [stream]
[debug] [2025-10-22T09:24:48.717Z] [hosting][populate queue][FINAL] {"max":833,"min":833,"avg":833,"active":0,"complete":1,"success":1,"errored":0,"retried":0,"total":1,"elapsed":1211}
[debug] [2025-10-22T09:24:48.717Z] [hosting] uploads queued: 80
